#
# A fatal error has been detected by the Java Runtime Environment:
#
#  Internal Error (jvmciRuntime.cpp:1609), pid=5645, tid=5659
#  fatal error: Fatal exception in JVMCI: Error calling jdk.vm.ci.services.Services.serializeSavedProperties
#
# JRE version: OpenJDK Runtime Environment GraalVM CE 22.3.0 (17.0.5+8) (build 17.0.5+8-jvmci-22.3-b08)
# Java VM: OpenJDK 64-Bit Server VM GraalVM CE 22.3.0 (17.0.5+8-jvmci-22.3-b08, mixed mode, sharing, tiered, jvmci, jvmci compiler, compressed oops, compressed class ptrs, parallel gc, linux-amd64)
# Problematic frame:
# V  [libjvm.so+0x972714]  JVMCIRuntime::fatal_exception(JVMCIEnv*, char const*)+0x74
#
# Core dump will be written. Default location: Core dumps may be processed with "/usr/share/apport/apport -p%p -s%s -c%c -d%d -P%P -u%u -g%g -- %E" (or dumping to /home/runner/final-project-apcsa-team-8-1/core.5645)
#
# If you would like to submit a bug report, please visit:
#   https://github.com/oracle/graal/issues
#

---------------  S U M M A R Y ------------

Command Line: -XX:ThreadPriorityPolicy=1 -XX:+UnlockExperimentalVMOptions -XX:+EnableJVMCIProduct -XX:JVMCIThreadsPerNativeLibraryRuntime=1 -XX:-UnlockExperimentalVMOptions -Declipse.application=org.eclipse.jdt.ls.core.id1 -Dosgi.bundles.defaultStartLevel=4 -Declipse.product=org.eclipse.jdt.ls.core.product -Dlog.level=ALL -Xverify:none -XX:+UseParallelGC -XX:GCTimeRatio=4 -XX:AdaptiveSizePolicyWeight=90 -Dsun.zip.disableMemoryMapping=true -Xmx512m -Xms100m /nix/store/a7s9klvriqi68xz3qjc0qyfl5h86xc16-jdt-language-server-1.9.0/share/java/plugins/org.eclipse.equinox.launcher_1.6.400.v20210924-0641.jar --add-modules=ALL-SYSTEM --add-opens java.base/java.util=ALL-UNNAMED --add-opens java.base/java.lang=ALL-UNNAMED -configuration /home/runner/final-project-apcsa-team-8-1/.cache/jdt-language-server/config -data /home/runner/final-project-apcsa-team-8-1/.cache/jdt-language-server/data/home/runner/final-project-apcsa-team-8-1

Host: AMD EPYC 7B12, 8 cores, 1G, Ubuntu 20.04.2 LTS
Time: Mon Dec 11 19:33:16 2023 UTC elapsed time: 553.133730 seconds (0d 0h 9m 13s)

---------------  T H R E A D  ---------------

Current thread (0x00007f92600b1dd0):  JavaThread "JVMCI-native CompilerThread0" daemon [_thread_in_vm, id=5659, stack(0x00007f926471a000,0x00007f926491a000)]


Current CompileTask:
JVMCI-native: 553134 9040       4       java.util.concurrent.locks.ReentrantLock::lock (8 bytes)

Stack: [0x00007f926471a000,0x00007f926491a000],  sp=0x00007f9264918380,  free space=2040k
Native frames: (J=compiled Java code, j=interpreted, Vv=VM code, C=native code)
V  [libjvm.so+0x972714]  JVMCIRuntime::fatal_exception(JVMCIEnv*, char const*)+0x74
V  [libjvm.so+0x93e2fe]  JVMCIEnv::copy_saved_properties()+0x14e
V  [libjvm.so+0x9732a9]  JVMCIRuntime::initialize(JVMCIEnv*)+0xb19
V  [libjvm.so+0x9738a2]  JVMCIRuntime::get_HotSpotJVMCIRuntime(JVMCIEnv*)+0x12
V  [libjvm.so+0x9749f2]  JVMCIRuntime::compile_method(JVMCIEnv*, JVMCICompiler*, methodHandle const&, int)+0xd2
V  [libjvm.so+0x5b0d20]  CompileBroker::invoke_compiler_on_method(CompileTask*)+0x1470
V  [libjvm.so+0x5b12e8]  CompileBroker::compiler_thread_loop()+0x528
V  [libjvm.so+0xd82460]  JavaThread::thread_main_inner()+0xd0
V  [libjvm.so+0xd85a40]  Thread::call_run()+0xc0
V  [libjvm.so+0xbdb1e1]  thread_native_entry(Thread*)+0xe1

Register to memory mapping:

RAX=0x00007f92677ee000 points into unknown readable memory: 0x0000000000000058 | 58 00 00 00 00 00 00 00
RBX=0x00007f92688e9398: <offset 0x0000000000ef5398> in /nix/store/gpxl5qgg8kicmcvivwmybwjlpf7wh20l-graalvm17-ce-22.3.0/lib/server/libjvm.so at 0x00007f92679f4000
RCX=0x00007f92688a11e8: <offset 0x0000000000ead1e8> in /nix/store/gpxl5qgg8kicmcvivwmybwjlpf7wh20l-graalvm17-ce-22.3.0/lib/server/libjvm.so at 0x00007f92679f4000
RDX=0x0000000000000649 is an unknown value
RSP=0x00007f9264918380 is pointing into the stack for thread: 0x00007f92600b1dd0
RBP=0x00007f92649183a0 is pointing into the stack for thread: 0x00007f92600b1dd0
RSI=0x00007f92688e9c48: <offset 0x0000000000ef5c48> in /nix/store/gpxl5qgg8kicmcvivwmybwjlpf7wh20l-graalvm17-ce-22.3.0/lib/server/libjvm.so at 0x00007f92679f4000
RDI=0x00000000e0000000 is an oop: java.lang.String 
{0x00000000e0000000} - klass: 'java/lang/String'
 - string: "e1FtmEkMmQydr5DayEO7STYX3egemDUa0BsO30EXRUo="
R8 =0x00007f92688e9398: <offset 0x0000000000ef5398> in /nix/store/gpxl5qgg8kicmcvivwmybwjlpf7wh20l-graalvm17-ce-22.3.0/lib/server/libjvm.so at 0x00007f92679f4000
R9 =0x00007f9264918330 is pointing into the stack for thread: 0x00007f92600b1dd0
R10=0x00007f9264919948 is pointing into the stack for thread: 0x00007f92600b1dd0
R11=0x0000000000000293 is an unknown value
R12=0x0 is NULL
R13=0x00007f92600b1dd0 is a thread
R14=0x00007f9260000b80 points into unknown readable memory: 0x00007f9268b1aa38 | 38 aa b1 68 92 7f 00 00
R15=0x00007f9268c28e40: <offset 0x0000000001234e40> in /nix/store/gpxl5qgg8kicmcvivwmybwjlpf7wh20l-graalvm17-ce-22.3.0/lib/server/libjvm.so at 0x00007f92679f4000


Registers:
RAX=0x00007f92677ee000, RBX=0x00007f92688e9398, RCX=0x00007f92688a11e8, RDX=0x0000000000000649
RSP=0x00007f9264918380, RBP=0x00007f92649183a0, RSI=0x00007f92688e9c48, RDI=0x00000000e0000000
R8 =0x00007f92688e9398, R9 =0x00007f9264918330, R10=0x00007f9264919948, R11=0x0000000000000293
R12=0x0000000000000000, R13=0x00007f92600b1dd0, R14=0x00007f9260000b80, R15=0x00007f9268c28e40
RIP=0x00007f9268366714, EFLAGS=0x0000000000010206, CSGSFS=0x002b000000000033, ERR=0x0000000000000006
  TRAPNO=0x000000000000000e

Top of Stack: (sp=0x00007f9264918380)
0x00007f9264918380:   00007f9264918940 00007f92600b1dd0
0x00007f9264918390:   00007f926617f8c8 0000000800c417a0
0x00007f92649183a0:   00007f9264918500 00007f92683322fe
0x00007f92649183b0:   00007f92649183e0 00007f9264918440 

Instructions: (pc=0x00007f9268366714)
0x00007f9268366614:   30 e8 f6 cf e8 ff 4c 89 e7 e8 2e 48 d1 ff 84 db
0x00007f9268366624:   75 2a 4d 85 ed 74 04 4d 8b 6d 00 48 83 c4 08 44
0x00007f9268366634:   89 f9 4c 89 f2 4c 89 ee 5b 4c 89 e7 41 5c 41 5d
0x00007f9268366644:   41 5e 41 5f 5d e9 e2 47 d1 ff 66 90 48 83 c4 08
0x00007f9268366654:   5b 41 5c 41 5d 41 5e 41 5f 5d c3 90 31 d2 be 08
0x00007f9268366664:   00 00 00 4c 89 ff e8 b1 78 a3 ff 49 89 c5 e9 37
0x00007f9268366674:   ff ff ff 66 0f 1f 84 00 00 00 00 00 48 8b 7a 08
0x00007f9268366684:   e9 6d ff ff ff 0f 1f 80 00 00 00 00 e8 5b 48 0a
0x00007f9268366694:   00 84 c0 75 89 e9 6a ff ff ff 66 90 55 48 89 e5
0x00007f92683666a4:   41 56 41 55 41 54 49 89 fc 53 48 89 f3 66 48 8d
0x00007f92683666b4:   3d 27 5e 85 00 66 66 48 e8 df 43 8d ff 4c 8b 28
0x00007f92683666c4:   8b 05 be 72 8a 00 85 c0 75 14 ba 01 00 00 00 48
0x00007f92683666d4:   8d 0d ae 72 8a 00 f0 0f b1 11 85 c0 74 4e be c8
0x00007f92683666e4:   00 00 00 4c 89 ef e8 01 0b 41 00 48 8d 05 12 ac
0x00007f92683666f4:   85 00 49 89 d8 48 8d 0d e8 aa 53 00 ba 49 06 00
0x00007f9268366704:   00 48 8d 35 3c 35 58 00 bf 00 00 00 e0 48 8b 00
0x00007f9268366714:   c6 00 58 31 c0 e8 e2 91 c6 ff 5b 41 5c 41 5d 41
0x00007f9268366724:   5e 5d e9 55 34 26 00 0f 1f 44 00 00 48 8d 05 81
0x00007f9268366734:   a3 8b 00 48 89 df 4c 8b 30 e8 9e 43 8d ff 48 89
0x00007f9268366744:   de 48 89 c2 49 8b 06 4c 89 f7 ff 50 08 4c 89 f7
0x00007f9268366754:   e8 a7 5c 27 00 4d 85 e4 74 12 be 01 00 00 00 4c
0x00007f9268366764:   89 e7 e8 35 43 fc ff eb 82 0f 1f 00 be 01 00 00
0x00007f9268366774:   00 4c 89 ef e8 d3 fd ff ff e9 6d ff ff ff 66 66
0x00007f9268366784:   2e 0f 1f 84 00 00 00 00 00 0f 1f 00 55 48 89 e5
0x00007f9268366794:   41 57 41 56 41 55 41 54 53 48 81 ec 08 02 00 00
0x00007f92683667a4:   64 48 8b 04 25 28 00 00 00 48 89 45 c8 8b 07 83
0x00007f92683667b4:   f8 02 0f 84 11 04 00 00 4c 8b 6f 18 49 89 ff 49
0x00007f92683667c4:   89 f4 4d 85 ed 74 14 4c 89 ef e8 5d 57 22 00 41
0x00007f92683667d4:   8b 07 83 f8 02 0f 84 19 04 00 00 48 8d 1d 9a 06
0x00007f92683667e4:   8a 00 4c 8d 35 0b 3c 58 00 eb 38 90 48 85 d2 7f
0x00007f92683667f4:   0d 48 8d 05 b4 c0 85 00 48 83 38 00 7e 0e 41 8b
0x00007f9268366804:   77 2c 4c 89 f7 31 c0 e8 a0 b2 f7 ff 49 8b 7f 18 


Stack slot to memory mapping:
stack at sp + 0 slots: 0x00007f9264918940 is pointing into the stack for thread: 0x00007f92600b1dd0
stack at sp + 1 slots: 0x00007f92600b1dd0 is a thread
stack at sp + 2 slots: 0x00007f926617f8c8 points into unknown readable memory: 0x6573001880c9ffff | ff ff c9 80 18 00 73 65
stack at sp + 3 slots: 0x0000000800c417a0 is a pointer to class: 
jdk.vm.ci.services.Services {0x0000000800c417a0}
 - instance size:     2
 - klass size:        65
 - access:            public final synchronized 
 - state:             fully_initialized
 - name:              'jdk/vm/ci/services/Services'
 - super:             'java/lang/Object'
 - sub:               
 - arrays:            NULL
 - methods:           Array<T>(0x00007f926503dbf8)
 - method ordering:   Array<T>(0x0000000800928960)
 - default_methods:   Array<T>(0x0000000000000000)
 - local interfaces:  Array<T>(0x00000008005ce810)
 - trans. interfaces: Array<T>(0x00000008005ce810)
 - constants:         constant pool [427] {0x00007f926503ccd8} for 'jdk/vm/ci/services/Services' cache=0x00007f926503eec8
 - class loader data:  loader data: 0x00007f9260027d70 of 'bootstrap'
 - source file:       'Services.java'
 - class annotations:       Array<T>(0x0000000000000000)
 - class type annotations:  Array<T>(0x0000000000000000)
 - field annotations:       Array<T>(0x0000000000000000)
 - field type annotations:  Array<T>(0x0000000000000000)
 - inner classes:     Array<T>(0x00007f926503ee98)
 - nest members:     Array<T>(0x00007f926503eeb8)
 - permitted subclasses:     Array<T>(0x00000008005ce7a0)
 - java mirror:       a 'java/lang/Class'{0x00000000e02b44a0} = 'jdk/vm/ci/services/Services'
 - vtable length      5  (start addr: 0x0000000800c41970)
 - itable length      2 (start addr: 0x0000000800c41998)
 - ---- static fields (3 words):
 - public static final 'IS_BUILDING_NATIVE_IMAGE' 'Z' @128 
 - public static final 'IS_IN_NATIVE_IMAGE' 'Z' @129 
 - private static volatile 'savedProperties' 'Ljava/util/Map;' @112 
 - static final 'JVMCI_ENABLED' 'Z' @130 
 - private static final 'servicesCache' 'Ljava/util/Map;' @116 
 - private static final 'MAX_UNICODE_IN_UTF8_LENGTH' 'I' @120 
 - private static final 'MAX_UTF8_PROPERTY_STRING_LENGTH' 'I' @124 
 - ---- non-static fields (0 words):
 - non-static oop maps: 
stack at sp + 4 slots: 0x00007f9264918500 is pointing into the stack for thread: 0x00007f92600b1dd0
stack at sp + 5 slots: 0x00007f92683322fe: <offset 0x000000000093e2fe> in /nix/store/gpxl5qgg8kicmcvivwmybwjlpf7wh20l-graalvm17-ce-22.3.0/lib/server/libjvm.so at 0x00007f92679f4000
stack at sp + 6 slots: 0x00007f92649183e0 is pointing into the stack for thread: 0x00007f92600b1dd0
stack at sp + 7 slots: 0x00007f9264918440 is pointing into the stack for thread: 0x00007f92600b1dd0


---------------  P R O C E S S  ---------------

Threads class SMR info:
_java_thread_list=0x00007f91b40017f0, length=24, elements={
0x00007f9260026010, 0x00007f92600a6080, 0x00007f92600a74c0, 0x00007f92600adc40,
0x00007f92600aeff0, 0x00007f92600b03e0, 0x00007f92600b1dd0, 0x00007f92600b32e0,
0x00007f92600b4340, 0x00007f92600d74f0, 0x00007f926011fd60, 0x00007f926031de30,
0x00007f9260366180, 0x00007f9260369200, 0x00007f91f802f440, 0x00007f91f83fd870,
0x00007f91f847ed40, 0x00007f91e8000ff0, 0x00007f91f87a48d0, 0x00007f926039e620,
0x00007f9260401430, 0x00007f91e4008150, 0x00007f91cc1661f0, 0x00007f91e00082f0
}

Java Threads: ( => current thread )
  0x00007f9260026010 JavaThread "main" [_thread_blocked, id=5651, stack(0x00007f926780f000,0x00007f926790f000)]
  0x00007f92600a6080 JavaThread "Reference Handler" daemon [_thread_blocked, id=5654, stack(0x00007f9265826000,0x00007f9265926000)]
  0x00007f92600a74c0 JavaThread "Finalizer" daemon [_thread_blocked, id=5655, stack(0x00007f9264f00000,0x00007f9265000000)]
  0x00007f92600adc40 JavaThread "Signal Dispatcher" daemon [_thread_blocked, id=5656, stack(0x00007f9264b1a000,0x00007f9264c1a000)]
  0x00007f92600aeff0 JavaThread "Service Thread" daemon [_thread_blocked, id=5657, stack(0x00007f9264a1a000,0x00007f9264b1a000)]
  0x00007f92600b03e0 JavaThread "Monitor Deflation Thread" daemon [_thread_blocked, id=5658, stack(0x00007f926491a000,0x00007f9264a1a000)]
=>0x00007f92600b1dd0 JavaThread "JVMCI-native CompilerThread0" daemon [_thread_in_vm, id=5659, stack(0x00007f926471a000,0x00007f926491a000)]
  0x00007f92600b32e0 JavaThread "C1 CompilerThread0" daemon [_thread_blocked, id=5660, stack(0x00007f926451a000,0x00007f926471a000)]
  0x00007f92600b4340 JavaThread "Sweeper thread" daemon [_thread_blocked, id=5661, stack(0x00007f926441a000,0x00007f926451a000)]
  0x00007f92600d74f0 JavaThread "Common-Cleaner" daemon [_thread_blocked, id=5662, stack(0x00007f926431a000,0x00007f926441a000)]
  0x00007f926011fd60 JavaThread "Notification Thread" daemon [_thread_blocked, id=5666, stack(0x00007f926421a000,0x00007f926431a000)]
  0x00007f926031de30 JavaThread "Active Thread: Equinox Container: 301f3491-c561-418f-9555-282074128565" [_thread_blocked, id=5680, stack(0x00007f92473b3000,0x00007f92474b3000)]
  0x00007f9260366180 JavaThread "Framework Event Dispatcher: Equinox Container: 301f3491-c561-418f-9555-282074128565" daemon [_thread_blocked, id=5681, stack(0x00007f9244f00000,0x00007f9245000000)]
  0x00007f9260369200 JavaThread "Start Level: Equinox Container: 301f3491-c561-418f-9555-282074128565" daemon [_thread_blocked, id=5682, stack(0x00007f9244d00000,0x00007f9244e00000)]
  0x00007f91f802f440 JavaThread "SCR Component Actor" daemon [_thread_blocked, id=5683, stack(0x00007f9244b00000,0x00007f9244c00000)]
  0x00007f91f83fd870 JavaThread "Worker-JM" [_thread_blocked, id=5691, stack(0x00007f9244700000,0x00007f9244800000)]
  0x00007f91f847ed40 JavaThread "Worker-0" [_thread_blocked, id=5694, stack(0x00007f9244500000,0x00007f9244600000)]
  0x00007f91e8000ff0 JavaThread "Worker-2: Compacting resource model" [_thread_blocked, id=5698, stack(0x00007f9244100000,0x00007f9244200000)]
  0x00007f91f87a48d0 JavaThread "Bundle File Closer" daemon [_thread_blocked, id=5702, stack(0x00007f920eb00000,0x00007f920ec00000)]
  0x00007f926039e620 JavaThread "pool-3-thread-1" [_thread_blocked, id=5709, stack(0x00007f920e900000,0x00007f920ea00000)]
  0x00007f9260401430 JavaThread "pool-2-thread-1" [_thread_blocked, id=5710, stack(0x00007f920e700000,0x00007f920e800000)]
  0x00007f91e4008150 JavaThread "Worker-3: Java indexing... " [_thread_blocked, id=5713, stack(0x00007f9244900000,0x00007f9244a00000)]
  0x00007f91cc1661f0 JavaThread "Thread-3" [_thread_blocked, id=5761, stack(0x00007f920df00000,0x00007f920e000000)]
  0x00007f91e00082f0 JavaThread "Java indexing" daemon [_thread_blocked, id=6128, stack(0x00007f920e300000,0x00007f920e400000)]

Other Threads:
  0x00007f92600a17c0 VMThread "VM Thread" [stack: 0x00007f9265928000,0x00007f9265a28000] [id=5653] _threads_hazard_ptr=0x00007f91b40017f0
  0x00007f9260121700 WatcherThread [stack: 0x00007f926411a000,0x00007f926421a000] [id=5667]
  0x00007f926003d920 GCTaskThread "GC Thread#0" [stack: 0x00007f92673d2000,0x00007f92674d2000] [id=5652]

Threads with active compile tasks:
JVMCI-native CompilerThread0   553210 9040       4       java.util.concurrent.locks.ReentrantLock::lock (8 bytes)

VM state: synchronizing (normal execution)

VM Mutex/Monitor currently owned by a thread:  ([mutex/lock_event])
[0x00007f9260023160] Threads_lock - owner thread: 0x00007f92600a17c0
[0x00007f9260023910] Heap_lock - owner thread: 0x00007f91e00082f0

OutOfMemory and StackOverflow Exception counts:
OutOfMemoryError java_heap_errors=3
LinkageErrors=49

Heap address: 0x00000000e0000000, size: 512 MB, Compressed Oops mode: 32-bit

CDS archive(s) mapped at: [0x0000000800000000-0x0000000800bc8000-0x0000000800bc8000), size 12353536, SharedBaseAddress: 0x0000000800000000, ArchiveRelocationMode: 0.
Compressed class space mapped at: 0x0000000800c00000-0x0000000840c00000, reserved size: 1073741824
Narrow klass base: 0x0000000800000000, Narrow klass shift: 0, Narrow klass range: 0x100000000

GC Precious Log:
 CPUs: 8 total, 1 available
 Memory: 1024M
 Large Page Support: Disabled
 NUMA Support: Disabled
 Compressed Oops: Enabled (32-bit)
 Alignments: Space 512K, Generation 512K, Heap 2M
 Heap Min Capacity: 100M
 Heap Initial Capacity: 100M
 Heap Max Capacity: 512M
 Pre-touch: Disabled
 Parallel Workers: 1

Heap:
 PSYoungGen      total 31744K, used 20999K [0x00000000f5580000, 0x00000000f8700000, 0x0000000100000000)
  eden space 13824K, 99% used [0x00000000f5580000,0x00000000f62ffff0,0x00000000f6300000)
  from space 17920K, 40% used [0x00000000f6300000,0x00000000f6a01dd0,0x00000000f7480000)
  to   space 17920K, 0% used [0x00000000f7580000,0x00000000f7580000,0x00000000f8700000)
 ParOldGen       total 349696K, used 349695K [0x00000000e0000000, 0x00000000f5580000, 0x00000000f5580000)
  object space 349696K, 99% used [0x00000000e0000000,0x00000000f557fff0,0x00000000f5580000)
 Metaspace       used 53934K, committed 54720K, reserved 1105920K
  class space    used 5048K, committed 5376K, reserved 1048576K

Card table byte_map: [0x00007f92674d2000,0x00007f92675d3000] _byte_map_base: 0x00007f9266dd2000

Marking Bits: (ParMarkBitMap*) 0x00007f9268c224c0
 Begin Bits: [0x00007f9266325000, 0x00007f9266b25000)
 End Bits:   [0x00007f9266b25000, 0x00007f9267325000)

Polling page: 0x00007f92677ec000

Metaspace:

Usage:
  Non-class:     47.74 MB used.
      Class:      4.93 MB used.
       Both:     52.67 MB used.

Virtual space:
  Non-class space:       56.00 MB reserved,      48.19 MB ( 86%) committed,  7 nodes.
      Class space:        1.00 GB reserved,       5.25 MB ( <1%) committed,  1 nodes.
             Both:        1.05 GB reserved,      53.44 MB (  5%) committed. 

Chunk freelists:
   Non-Class:  3.36 MB
       Class:  2.57 MB
        Both:  5.93 MB

MaxMetaspaceSize: unlimited
CompressedClassSpaceSize: 1.00 GB
Initial GC threshold: 21.00 MB
Current GC threshold: 89.00 MB
CDS: on
MetaspaceReclaimPolicy: balanced
 - commit_granule_bytes: 65536.
 - commit_granule_words: 8192.
 - virtual_space_node_default_size: 1048576.
 - enlarge_chunks_in_place: 1.
 - new_chunks_are_fully_committed: 0.
 - uncommit_free_chunks: 1.
 - use_allocation_guard: 0.
 - handle_deallocations: 1.


Internal statistics:

num_allocs_failed_limit: 8.
num_arena_births: 338.
num_arena_deaths: 62.
num_vsnodes_births: 8.
num_vsnodes_deaths: 0.
num_space_committed: 852.
num_space_uncommitted: 0.
num_chunks_returned_to_freelist: 85.
num_chunks_taken_from_freelist: 2553.
num_chunk_merges: 30.
num_chunk_splits: 1665.
num_chunks_enlarged: 1064.
num_purges: 4.
num_inconsistent_stats: 0.

CodeHeap 'non-profiled nmethods': size=120036Kb used=2714Kb max_used=2891Kb free=117321Kb
 bounds [0x00007f924ef7a000, 0x00007f924f25a000, 0x00007f92564b3000]
CodeHeap 'profiled nmethods': size=120032Kb used=13512Kb max_used=15865Kb free=106519Kb
 bounds [0x00007f9247a42000, 0x00007f92489c2000, 0x00007f924ef7a000]
CodeHeap 'non-nmethods': size=5692Kb used=1353Kb max_used=1363Kb free=4338Kb
 bounds [0x00007f92474b3000, 0x00007f9247723000, 0x00007f9247a42000]
 total_blobs=6859 nmethods=6169 adapters=583
 compilation: enabled
              stopped_count=0, restarted_count=0
 full_count=0

JVMCI Events (20 events):
Event: 377.827 Thread 0x00007f92600b1dd0 compacted oop handles in JVMCI runtime 0 from 52 to 52
Event: 377.827 Thread 0x00007f92600b1dd0 releasing handles for JVMCI runtime 0: oop handles=52, metadata handles={total=96, live=94, blocks=45}
Event: 377.827 Thread 0x00007f92600b1dd0 detached from JVMCI runtime 0
Event: 394.478 Thread 0x00007f92600b1dd0 attached to JVMCI runtime 0
Event: 394.480 Thread 0x00007f92600b1dd0 created JavaVM[4]@0x00007f91c1f9e340 for JVMCI runtime 0
Event: 396.048 Thread 0x00007f92600b1dd0 initializing JVMCI runtime 0
Event: 396.048 Thread 0x00007f92600b1dd0 done waiting for JavaVM references initialization in JVMCI runtime 0
Event: 414.014 Thread 0x00007f92600b1dd0 initialized JVMCI runtime 0
Event: 425.217 Thread 0x00007f92600b1dd0 compacted oop handles in JVMCI runtime 0 from 46 to 45
Event: 428.076 Thread 0x00007f92600b1dd0 detaching from JVMCI runtime 0: releasing idle compiler thread (0 other threads still attached)
Event: 428.076 Thread 0x00007f92600b1dd0 shutting down HotSpotJVMCIRuntime for JVMCI runtime 0
Event: 428.076 Thread 0x00007f92600b1dd0 shut down JVMCI runtime 0
Event: 429.521 Thread 0x00007f92600b1dd0 destroyed JavaVM[4]@0x00007f91c1f9e340 for JVMCI runtime 0
Event: 429.521 Thread 0x00007f92600b1dd0 compacted oop handles in JVMCI runtime 0 from 48 to 48
Event: 429.521 Thread 0x00007f92600b1dd0 releasing handles for JVMCI runtime 0: oop handles=48, metadata handles={total=96, live=86, blocks=45}
Event: 429.521 Thread 0x00007f92600b1dd0 detached from JVMCI runtime 0
Event: 450.243 Thread 0x00007f92600b1dd0 attached to JVMCI runtime 0
Event: 450.244 Thread 0x00007f92600b1dd0 created JavaVM[5]@0x00007f91c1f9e340 for JVMCI runtime 0
Event: 451.608 Thread 0x00007f92600b1dd0 initializing JVMCI runtime 0
Event: 451.608 Thread 0x00007f92600b1dd0 done waiting for JavaVM references initialization in JVMCI runtime 0

Compilation events (20 events):
Event: 383.224 Thread 0x00007f92600b32e0 nmethod 9034 0x00007f9247a62490 code [0x00007f9247a62760, 0x00007f9247a644c0]
Event: 383.224 Thread 0x00007f92600b32e0 9033       3       org.eclipse.core.internal.preferences.PreferencesService$5::<init> (44 bytes)
Event: 384.721 Thread 0x00007f92600b32e0 nmethod 9033 0x00007f9247e94810 code [0x00007f9247e949c0, 0x00007f9247e94bb0]
Event: 388.874 Thread 0x00007f92600b32e0 9035       3       sun.nio.fs.NativeBuffer::release (5 bytes)
Event: 388.874 Thread 0x00007f92600b32e0 nmethod 9035 0x00007f9247c19d90 code [0x00007f9247c19f40, 0x00007f9247c1a060]
Event: 394.478 Thread 0x00007f92600b1dd0 9036 %     4       org.eclipse.jface.text.DefaultLineTracker::nextDelimiterInfo @ 12 (167 bytes)
Event: 397.335 Thread 0x00007f92600b32e0 9037       3       org.eclipse.jface.text.ListLineTracker::createLines (261 bytes)
Event: 397.337 Thread 0x00007f92600b32e0 nmethod 9037 0x00007f9247b2fa90 code [0x00007f9247b2fd60, 0x00007f9247b31950]
Event: 397.337 Thread 0x00007f92600b32e0 9038       3       org.eclipse.jdt.internal.core.util.Messages::bind (6 bytes)
Event: 397.337 Thread 0x00007f92600b32e0 nmethod 9038 0x00007f9247b9a290 code [0x00007f9247b9a440, 0x00007f9247b9a650]
Event: 425.217 Thread 0x00007f92600b1dd0 nmethod 9036% 0x00007f924f1d9790 code [0x00007f924f1d9920, 0x00007f924f1d9cd8]
Event: 425.218 Thread 0x00007f92600b1dd0 9039       4       org.eclipse.core.internal.dtree.AbstractDataTreeNode::childAtOrNull (21 bytes)
Event: 426.778 Thread 0x00007f92600b1dd0 nmethod 9039 0x00007f924f18b190 code [0x00007f924f18b320, 0x00007f924f18b5c0]
Event: 450.243 Thread 0x00007f92600b1dd0 9040       4       java.util.concurrent.locks.ReentrantLock::lock (8 bytes)
Event: 467.492 Thread 0x00007f92600b32e0 9041       3       org.eclipse.jface.text.CopyOnWriteTextStore$StringTextStore::get (42 bytes)
Event: 467.493 Thread 0x00007f92600b32e0 nmethod 9041 0x00007f9247a46290 code [0x00007f9247a464a0, 0x00007f9247a46920]
Event: 500.716 Thread 0x00007f92600b32e0 9044       3       java.util.LinkedList::node (65 bytes)
Event: 502.190 Thread 0x00007f92600b32e0 nmethod 9044 0x00007f92480f9b10 code [0x00007f92480f9cc0, 0x00007f92480f9f90]
Event: 541.215 Thread 0x00007f92600b32e0 9046       3       java.util.concurrent.ThreadPoolExecutor::runStateAtLeast (11 bytes)
Event: 542.508 Thread 0x00007f92600b32e0 nmethod 9046 0x00007f9247cf8710 code [0x00007f9247cf88a0, 0x00007f9247cf89f0]

GC Heap History (20 events):
Event: 539.907 GC heap before
{Heap before GC invocations=438 (full 319):
 PSYoungGen      total 31744K, used 20999K [0x00000000f5580000, 0x00000000f8700000, 0x0000000100000000)
  eden space 13824K, 99% used [0x00000000f5580000,0x00000000f62ffff0,0x00000000f6300000)
  from space 17920K, 40% used [0x00000000f6300000,0x00000000f6a01dd0,0x00000000f7480000)
  to   space 17920K, 0% used [0x00000000f7580000,0x00000000f7580000,0x00000000f8700000)
 ParOldGen       total 349696K, used 349695K [0x00000000e0000000, 0x00000000f5580000, 0x00000000f5580000)
  object space 349696K, 99% used [0x00000000e0000000,0x00000000f557fff0,0x00000000f5580000)
 Metaspace       used 53934K, committed 54720K, reserved 1105920K
  class space    used 5048K, committed 5376K, reserved 1048576K
}
Event: 541.214 GC heap after
{Heap after GC invocations=438 (full 319):
 PSYoungGen      total 31744K, used 20999K [0x00000000f5580000, 0x00000000f8700000, 0x0000000100000000)
  eden space 13824K, 99% used [0x00000000f5580000,0x00000000f62fffb8,0x00000000f6300000)
  from space 17920K, 40% used [0x00000000f6300000,0x00000000f6a01dd0,0x00000000f7480000)
  to   space 17920K, 0% used [0x00000000f7580000,0x00000000f7580000,0x00000000f8700000)
 ParOldGen       total 349696K, used 349695K [0x00000000e0000000, 0x00000000f5580000, 0x00000000f5580000)
  object space 349696K, 99% used [0x00000000e0000000,0x00000000f557fe20,0x00000000f5580000)
 Metaspace       used 53934K, committed 54720K, reserved 1105920K
  class space    used 5048K, committed 5376K, reserved 1048576K
}
Event: 541.215 GC heap before
{Heap before GC invocations=439 (full 320):
 PSYoungGen      total 31744K, used 20999K [0x00000000f5580000, 0x00000000f8700000, 0x0000000100000000)
  eden space 13824K, 100% used [0x00000000f5580000,0x00000000f6300000,0x00000000f6300000)
  from space 17920K, 40% used [0x00000000f6300000,0x00000000f6a01dd0,0x00000000f7480000)
  to   space 17920K, 0% used [0x00000000f7580000,0x00000000f7580000,0x00000000f8700000)
 ParOldGen       total 349696K, used 349695K [0x00000000e0000000, 0x00000000f5580000, 0x00000000f5580000)
  object space 349696K, 99% used [0x00000000e0000000,0x00000000f557fe20,0x00000000f5580000)
 Metaspace       used 53934K, committed 54720K, reserved 1105920K
  class space    used 5048K, committed 5376K, reserved 1048576K
}
Event: 542.507 GC heap after
{Heap after GC invocations=439 (full 320):
 PSYoungGen      total 31744K, used 20999K [0x00000000f5580000, 0x00000000f8700000, 0x0000000100000000)
  eden space 13824K, 99% used [0x00000000f5580000,0x00000000f62fff98,0x00000000f6300000)
  from space 17920K, 40% used [0x00000000f6300000,0x00000000f6a01dd0,0x00000000f7480000)
  to   space 17920K, 0% used [0x00000000f7580000,0x00000000f7580000,0x00000000f8700000)
 ParOldGen       total 349696K, used 349695K [0x00000000e0000000, 0x00000000f5580000, 0x00000000f5580000)
  object space 349696K, 99% used [0x00000000e0000000,0x00000000f557fe00,0x00000000f5580000)
 Metaspace       used 53934K, committed 54720K, reserved 1105920K
  class space    used 5048K, committed 5376K, reserved 1048576K
}
Event: 542.508 GC heap before
{Heap before GC invocations=440 (full 321):
 PSYoungGen      total 31744K, used 20999K [0x00000000f5580000, 0x00000000f8700000, 0x0000000100000000)
  eden space 13824K, 100% used [0x00000000f5580000,0x00000000f6300000,0x00000000f6300000)
  from space 17920K, 40% used [0x00000000f6300000,0x00000000f6a01dd0,0x00000000f7480000)
  to   space 17920K, 0% used [0x00000000f7580000,0x00000000f7580000,0x00000000f8700000)
 ParOldGen       total 349696K, used 349695K [0x00000000e0000000, 0x00000000f5580000, 0x00000000f5580000)
  object space 349696K, 99% used [0x00000000e0000000,0x00000000f557fe00,0x00000000f5580000)
 Metaspace       used 53934K, committed 54720K, reserved 1105920K
  class space    used 5048K, committed 5376K, reserved 1048576K
}
Event: 543.926 GC heap after
{Heap after GC invocations=440 (full 321):
 PSYoungGen      total 31744K, used 20999K [0x00000000f5580000, 0x00000000f8700000, 0x0000000100000000)
  eden space 13824K, 99% used [0x00000000f5580000,0x00000000f62fff98,0x00000000f6300000)
  from space 17920K, 40% used [0x00000000f6300000,0x00000000f6a01dd0,0x00000000f7480000)
  to   space 17920K, 0% used [0x00000000f7580000,0x00000000f7580000,0x00000000f8700000)
 ParOldGen       total 349696K, used 349695K [0x00000000e0000000, 0x00000000f5580000, 0x00000000f5580000)
  object space 349696K, 99% used [0x00000000e0000000,0x00000000f557fe00,0x00000000f5580000)
 Metaspace       used 53934K, committed 54720K, reserved 1105920K
  class space    used 5048K, committed 5376K, reserved 1048576K
}
Event: 543.926 GC heap before
{Heap before GC invocations=441 (full 322):
 PSYoungGen      total 31744K, used 20999K [0x00000000f5580000, 0x00000000f8700000, 0x0000000100000000)
  eden space 13824K, 99% used [0x00000000f5580000,0x00000000f62ffff8,0x00000000f6300000)
  from space 17920K, 40% used [0x00000000f6300000,0x00000000f6a01dd0,0x00000000f7480000)
  to   space 17920K, 0% used [0x00000000f7580000,0x00000000f7580000,0x00000000f8700000)
 ParOldGen       total 349696K, used 349695K [0x00000000e0000000, 0x00000000f5580000, 0x00000000f5580000)
  object space 349696K, 99% used [0x00000000e0000000,0x00000000f557fe00,0x00000000f5580000)
 Metaspace       used 53934K, committed 54720K, reserved 1105920K
  class space    used 5048K, committed 5376K, reserved 1048576K
}
Event: 545.197 GC heap after
{Heap after GC invocations=441 (full 322):
 PSYoungGen      total 31744K, used 20999K [0x00000000f5580000, 0x00000000f8700000, 0x0000000100000000)
  eden space 13824K, 99% used [0x00000000f5580000,0x00000000f62ffff8,0x00000000f6300000)
  from space 17920K, 40% used [0x00000000f6300000,0x00000000f6a01dd0,0x00000000f7480000)
  to   space 17920K, 0% used [0x00000000f7580000,0x00000000f7580000,0x00000000f8700000)
 ParOldGen       total 349696K, used 349695K [0x00000000e0000000, 0x00000000f5580000, 0x00000000f5580000)
  object space 349696K, 99% used [0x00000000e0000000,0x00000000f557fe00,0x00000000f5580000)
 Metaspace       used 53934K, committed 54720K, reserved 1105920K
  class space    used 5048K, committed 5376K, reserved 1048576K
}
Event: 545.197 GC heap before
{Heap before GC invocations=442 (full 323):
 PSYoungGen      total 31744K, used 20999K [0x00000000f5580000, 0x00000000f8700000, 0x0000000100000000)
  eden space 13824K, 99% used [0x00000000f5580000,0x00000000f62ffff8,0x00000000f6300000)
  from space 17920K, 40% used [0x00000000f6300000,0x00000000f6a01dd0,0x00000000f7480000)
  to   space 17920K, 0% used [0x00000000f7580000,0x00000000f7580000,0x00000000f8700000)
 ParOldGen       total 349696K, used 349695K [0x00000000e0000000, 0x00000000f5580000, 0x00000000f5580000)
  object space 349696K, 99% used [0x00000000e0000000,0x00000000f557fff0,0x00000000f5580000)
 Metaspace       used 53934K, committed 54720K, reserved 1105920K
  class space    used 5048K, committed 5376K, reserved 1048576K
}
Event: 546.588 GC heap after
{Heap after GC invocations=442 (full 323):
 PSYoungGen      total 31744K, used 20999K [0x00000000f5580000, 0x00000000f8700000, 0x0000000100000000)
  eden space 13824K, 99% used [0x00000000f5580000,0x00000000f62fffc0,0x00000000f6300000)
  from space 17920K, 40% used [0x00000000f6300000,0x00000000f6a01dd0,0x00000000f7480000)
  to   space 17920K, 0% used [0x00000000f7580000,0x00000000f7580000,0x00000000f8700000)
 ParOldGen       total 349696K, used 349695K [0x00000000e0000000, 0x00000000f5580000, 0x00000000f5580000)
  object space 349696K, 99% used [0x00000000e0000000,0x00000000f557fe88,0x00000000f5580000)
 Metaspace       used 53934K, committed 54720K, reserved 1105920K
  class space    used 5048K, committed 5376K, reserved 1048576K
}
Event: 546.593 GC heap before
{Heap before GC invocations=443 (full 324):
 PSYoungGen      total 31744K, used 20999K [0x00000000f5580000, 0x00000000f8700000, 0x0000000100000000)
  eden space 13824K, 99% used [0x00000000f5580000,0x00000000f62ffff8,0x00000000f6300000)
  from space 17920K, 40% used [0x00000000f6300000,0x00000000f6a01dd0,0x00000000f7480000)
  to   space 17920K, 0% used [0x00000000f7580000,0x00000000f7580000,0x00000000f8700000)
 ParOldGen       total 349696K, used 349695K [0x00000000e0000000, 0x00000000f5580000, 0x00000000f5580000)
  object space 349696K, 99% used [0x00000000e0000000,0x00000000f557fe88,0x00000000f5580000)
 Metaspace       used 53934K, committed 54720K, reserved 1105920K
  class space    used 5048K, committed 5376K, reserved 1048576K
}
Event: 547.827 GC heap after
{Heap after GC invocations=443 (full 324):
 PSYoungGen      total 31744K, used 20999K [0x00000000f5580000, 0x00000000f8700000, 0x0000000100000000)
  eden space 13824K, 99% used [0x00000000f5580000,0x00000000f62ffff8,0x00000000f6300000)
  from space 17920K, 40% used [0x00000000f6300000,0x00000000f6a01dd0,0x00000000f7480000)
  to   space 17920K, 0% used [0x00000000f7580000,0x00000000f7580000,0x00000000f8700000)
 ParOldGen       total 349696K, used 349695K [0x00000000e0000000, 0x00000000f5580000, 0x00000000f5580000)
  object space 349696K, 99% used [0x00000000e0000000,0x00000000f557fe88,0x00000000f5580000)
 Metaspace       used 53934K, committed 54720K, reserved 1105920K
  class space    used 5048K, committed 5376K, reserved 1048576K
}
Event: 547.880 GC heap before
{Heap before GC invocations=444 (full 325):
 PSYoungGen      total 31744K, used 20999K [0x00000000f5580000, 0x00000000f8700000, 0x0000000100000000)
  eden space 13824K, 99% used [0x00000000f5580000,0x00000000f62ffff8,0x00000000f6300000)
  from space 17920K, 40% used [0x00000000f6300000,0x00000000f6a01dd0,0x00000000f7480000)
  to   space 17920K, 0% used [0x00000000f7580000,0x00000000f7580000,0x00000000f8700000)
 ParOldGen       total 349696K, used 349695K [0x00000000e0000000, 0x00000000f5580000, 0x00000000f5580000)
  object space 349696K, 99% used [0x00000000e0000000,0x00000000f557fff0,0x00000000f5580000)
 Metaspace       used 53934K, committed 54720K, reserved 1105920K
  class space    used 5048K, committed 5376K, reserved 1048576K
}
Event: 549.208 GC heap after
{Heap after GC invocations=444 (full 325):
 PSYoungGen      total 31744K, used 20999K [0x00000000f5580000, 0x00000000f8700000, 0x0000000100000000)
  eden space 13824K, 99% used [0x00000000f5580000,0x00000000f62fffc0,0x00000000f6300000)
  from space 17920K, 40% used [0x00000000f6300000,0x00000000f6a01dd0,0x00000000f7480000)
  to   space 17920K, 0% used [0x00000000f7580000,0x00000000f7580000,0x00000000f8700000)
 ParOldGen       total 349696K, used 349695K [0x00000000e0000000, 0x00000000f5580000, 0x00000000f5580000)
  object space 349696K, 99% used [0x00000000e0000000,0x00000000f557fe88,0x00000000f5580000)
 Metaspace       used 53934K, committed 54720K, reserved 1105920K
  class space    used 5048K, committed 5376K, reserved 1048576K
}
Event: 549.208 GC heap before
{Heap before GC invocations=445 (full 326):
 PSYoungGen      total 31744K, used 20999K [0x00000000f5580000, 0x00000000f8700000, 0x0000000100000000)
  eden space 13824K, 99% used [0x00000000f5580000,0x00000000f62ffff8,0x00000000f6300000)
  from space 17920K, 40% used [0x00000000f6300000,0x00000000f6a01dd0,0x00000000f7480000)
  to   space 17920K, 0% used [0x00000000f7580000,0x00000000f7580000,0x00000000f8700000)
 ParOldGen       total 349696K, used 349695K [0x00000000e0000000, 0x00000000f5580000, 0x00000000f5580000)
  object space 349696K, 99% used [0x00000000e0000000,0x00000000f557fe88,0x00000000f5580000)
 Metaspace       used 53934K, committed 54720K, reserved 1105920K
  class space    used 5048K, committed 5376K, reserved 1048576K
}
Event: 550.327 GC heap after
{Heap after GC invocations=445 (full 326):
 PSYoungGen      total 31744K, used 20999K [0x00000000f5580000, 0x00000000f8700000, 0x0000000100000000)
  eden space 13824K, 99% used [0x00000000f5580000,0x00000000f62ffff8,0x00000000f6300000)
  from space 17920K, 40% used [0x00000000f6300000,0x00000000f6a01dd0,0x00000000f7480000)
  to   space 17920K, 0% used [0x00000000f7580000,0x00000000f7580000,0x00000000f8700000)
 ParOldGen       total 349696K, used 349695K [0x00000000e0000000, 0x00000000f5580000, 0x00000000f5580000)
  object space 349696K, 99% used [0x00000000e0000000,0x00000000f557fe88,0x00000000f5580000)
 Metaspace       used 53934K, committed 54720K, reserved 1105920K
  class space    used 5048K, committed 5376K, reserved 1048576K
}
Event: 550.328 GC heap before
{Heap before GC invocations=446 (full 327):
 PSYoungGen      total 31744K, used 20999K [0x00000000f5580000, 0x00000000f8700000, 0x0000000100000000)
  eden space 13824K, 99% used [0x00000000f5580000,0x00000000f62ffff8,0x00000000f6300000)
  from space 17920K, 40% used [0x00000000f6300000,0x00000000f6a01dd0,0x00000000f7480000)
  to   space 17920K, 0% used [0x00000000f7580000,0x00000000f7580000,0x00000000f8700000)
 ParOldGen       total 349696K, used 349695K [0x00000000e0000000, 0x00000000f5580000, 0x00000000f5580000)
  object space 349696K, 99% used [0x00000000e0000000,0x00000000f557ff18,0x00000000f5580000)
 Metaspace       used 53934K, committed 54720K, reserved 1105920K
  class space    used 5048K, committed 5376K, reserved 1048576K
}
Event: 551.792 GC heap after
{Heap after GC invocations=446 (full 327):
 PSYoungGen      total 31744K, used 20999K [0x00000000f5580000, 0x00000000f8700000, 0x0000000100000000)
  eden space 13824K, 99% used [0x00000000f5580000,0x00000000f62fffc0,0x00000000f6300000)
  from space 17920K, 40% used [0x00000000f6300000,0x00000000f6a01dd0,0x00000000f7480000)
  to   space 17920K, 0% used [0x00000000f7580000,0x00000000f7580000,0x00000000f8700000)
 ParOldGen       total 349696K, used 349695K [0x00000000e0000000, 0x00000000f5580000, 0x00000000f5580000)
  object space 349696K, 99% used [0x00000000e0000000,0x00000000f557fee8,0x00000000f5580000)
 Metaspace       used 53934K, committed 54720K, reserved 1105920K
  class space    used 5048K, committed 5376K, reserved 1048576K
}
Event: 551.792 GC heap before
{Heap before GC invocations=447 (full 328):
 PSYoungGen      total 31744K, used 20999K [0x00000000f5580000, 0x00000000f8700000, 0x0000000100000000)
  eden space 13824K, 99% used [0x00000000f5580000,0x00000000f62fffc0,0x00000000f6300000)
  from space 17920K, 40% used [0x00000000f6300000,0x00000000f6a01dd0,0x00000000f7480000)
  to   space 17920K, 0% used [0x00000000f7580000,0x00000000f7580000,0x00000000f8700000)
 ParOldGen       total 349696K, used 349695K [0x00000000e0000000, 0x00000000f5580000, 0x00000000f5580000)
  object space 349696K, 99% used [0x00000000e0000000,0x00000000f557fee8,0x00000000f5580000)
 Metaspace       used 53934K, committed 54720K, reserved 1105920K
  class space    used 5048K, committed 5376K, reserved 1048576K
}
Event: 553.108 GC heap after
{Heap after GC invocations=447 (full 328):
 PSYoungGen      total 31744K, used 20999K [0x00000000f5580000, 0x00000000f8700000, 0x0000000100000000)
  eden space 13824K, 99% used [0x00000000f5580000,0x00000000f62fffc0,0x00000000f6300000)
  from space 17920K, 40% used [0x00000000f6300000,0x00000000f6a01dd0,0x00000000f7480000)
  to   space 17920K, 0% used [0x00000000f7580000,0x00000000f7580000,0x00000000f8700000)
 ParOldGen       total 349696K, used 349695K [0x00000000e0000000, 0x00000000f5580000, 0x00000000f5580000)
  object space 349696K, 99% used [0x00000000e0000000,0x00000000f557fee8,0x00000000f5580000)
 Metaspace       used 53934K, committed 54720K, reserved 1105920K
  class space    used 5048K, committed 5376K, reserved 1048576K
}

Dll operation events (8 events):
Event: 0.003 Loaded shared library /nix/store/gpxl5qgg8kicmcvivwmybwjlpf7wh20l-graalvm17-ce-22.3.0/lib/libjava.so
Event: 0.028 Loaded shared library /nix/store/gpxl5qgg8kicmcvivwmybwjlpf7wh20l-graalvm17-ce-22.3.0/lib/libjsvml.so
Event: 0.289 Loaded shared library /nix/store/gpxl5qgg8kicmcvivwmybwjlpf7wh20l-graalvm17-ce-22.3.0/lib/libnio.so
Event: 0.293 Loaded shared library /nix/store/gpxl5qgg8kicmcvivwmybwjlpf7wh20l-graalvm17-ce-22.3.0/lib/libzip.so
Event: 0.298 Loaded shared library /nix/store/gpxl5qgg8kicmcvivwmybwjlpf7wh20l-graalvm17-ce-22.3.0/lib/libjvmcicompiler.so
Event: 0.778 Loaded shared library /nix/store/gpxl5qgg8kicmcvivwmybwjlpf7wh20l-graalvm17-ce-22.3.0/lib/libjimage.so
Event: 2.504 Loaded shared library /nix/store/gpxl5qgg8kicmcvivwmybwjlpf7wh20l-graalvm17-ce-22.3.0/lib/libnet.so
Event: 3.899 Loaded shared library /home/runner/final-project-apcsa-team-8-1/.cache/jdt-language-server/config/org.eclipse.equinox.launcher/org.eclipse.equinox.launcher.gtk.linux.x86_64_1.2.400.v20211117-0650/eclipse_11600.so

Deoptimization events (20 events):
Event: 116.175 Thread 0x00007f91e00082f0 DEOPT PACKING pc=0x00007f924810f184 sp=0x00007f920e3fe070
Event: 116.175 Thread 0x00007f91e00082f0 DEOPT UNPACKING pc=0x00007f9247505325 sp=0x00007f920e3fd528 mode 0
Event: 116.176 Thread 0x00007f91e00082f0 DEOPT PACKING pc=0x00007f924810f184 sp=0x00007f920e3fe070
Event: 116.176 Thread 0x00007f91e00082f0 DEOPT UNPACKING pc=0x00007f9247505325 sp=0x00007f920e3fd528 mode 0
Event: 116.182 Thread 0x00007f91e00082f0 DEOPT PACKING pc=0x00007f924810f184 sp=0x00007f920e3fe310
Event: 116.182 Thread 0x00007f91e00082f0 DEOPT UNPACKING pc=0x00007f9247505325 sp=0x00007f920e3fd7c8 mode 0
Event: 116.185 Thread 0x00007f91e00082f0 DEOPT PACKING pc=0x00007f924810f184 sp=0x00007f920e3fdcb0
Event: 116.185 Thread 0x00007f91e00082f0 DEOPT UNPACKING pc=0x00007f9247505325 sp=0x00007f920e3fd168 mode 0
Event: 116.187 Thread 0x00007f91e00082f0 DEOPT PACKING pc=0x00007f924810f184 sp=0x00007f920e3fe230
Event: 116.187 Thread 0x00007f91e00082f0 DEOPT UNPACKING pc=0x00007f9247505325 sp=0x00007f920e3fd6e8 mode 0
Event: 116.188 Thread 0x00007f91e00082f0 DEOPT PACKING pc=0x00007f924810f184 sp=0x00007f920e3fdf20
Event: 116.188 Thread 0x00007f91e00082f0 DEOPT UNPACKING pc=0x00007f9247505325 sp=0x00007f920e3fd3d8 mode 0
Event: 116.189 Thread 0x00007f91e00082f0 DEOPT PACKING pc=0x00007f924810f184 sp=0x00007f920e3fe3f0
Event: 116.189 Thread 0x00007f91e00082f0 DEOPT UNPACKING pc=0x00007f9247505325 sp=0x00007f920e3fd8a8 mode 0
Event: 116.191 Thread 0x00007f91e00082f0 DEOPT PACKING pc=0x00007f924810f184 sp=0x00007f920e3fe330
Event: 116.191 Thread 0x00007f91e00082f0 DEOPT UNPACKING pc=0x00007f9247505325 sp=0x00007f920e3fd7e8 mode 0
Event: 116.196 Thread 0x00007f91e00082f0 DEOPT PACKING pc=0x00007f924810f184 sp=0x00007f920e3fe020
Event: 116.196 Thread 0x00007f91e00082f0 DEOPT UNPACKING pc=0x00007f9247505325 sp=0x00007f920e3fd4d8 mode 0
Event: 116.275 Thread 0x00007f91e00082f0 DEOPT PACKING pc=0x00007f9248511efe sp=0x00007f920e3fe4a0
Event: 116.275 Thread 0x00007f91e00082f0 DEOPT UNPACKING pc=0x00007f9247505325 sp=0x00007f920e3fda18 mode 0

Classes unloaded (20 events):
Event: 89.394 Thread 0x00007f92600a17c0 Unloading class 0x0000000800d91000 'java/lang/invoke/LambdaForm$MH+0x0000000800d91000'
Event: 89.394 Thread 0x00007f92600a17c0 Unloading class 0x0000000800d90c00 'java/lang/invoke/LambdaForm$MH+0x0000000800d90c00'
Event: 89.394 Thread 0x00007f92600a17c0 Unloading class 0x0000000800d90800 'java/lang/invoke/LambdaForm$MH+0x0000000800d90800'
Event: 89.394 Thread 0x00007f92600a17c0 Unloading class 0x0000000800d90400 'java/lang/invoke/LambdaForm$MH+0x0000000800d90400'
Event: 89.394 Thread 0x00007f92600a17c0 Unloading class 0x0000000800d90000 'java/lang/invoke/LambdaForm$MH+0x0000000800d90000'
Event: 89.394 Thread 0x00007f92600a17c0 Unloading class 0x0000000800cb2800 'java/lang/invoke/LambdaForm$MH+0x0000000800cb2800'
Event: 89.394 Thread 0x00007f92600a17c0 Unloading class 0x0000000800cb2000 'java/lang/invoke/LambdaForm$MH+0x0000000800cb2000'
Event: 89.394 Thread 0x00007f92600a17c0 Unloading class 0x0000000800cb1c00 'java/lang/invoke/LambdaForm$MH+0x0000000800cb1c00'
Event: 89.394 Thread 0x00007f92600a17c0 Unloading class 0x0000000800cb1800 'java/lang/invoke/LambdaForm$MH+0x0000000800cb1800'
Event: 89.394 Thread 0x00007f92600a17c0 Unloading class 0x0000000800cb1000 'java/lang/invoke/LambdaForm$MH+0x0000000800cb1000'
Event: 89.394 Thread 0x00007f92600a17c0 Unloading class 0x0000000800cb0c00 'java/lang/invoke/LambdaForm$MH+0x0000000800cb0c00'
Event: 89.394 Thread 0x00007f92600a17c0 Unloading class 0x0000000800cb0800 'java/lang/invoke/LambdaForm$MH+0x0000000800cb0800'
Event: 89.394 Thread 0x00007f92600a17c0 Unloading class 0x0000000800cb0000 'java/lang/invoke/LambdaForm$MH+0x0000000800cb0000'
Event: 89.394 Thread 0x00007f92600a17c0 Unloading class 0x0000000800c85000 'jdk/internal/reflect/GeneratedMethodAccessor5'
Event: 89.394 Thread 0x00007f92600a17c0 Unloading class 0x0000000800c84c00 'jdk/internal/reflect/GeneratedMethodAccessor4'
Event: 89.394 Thread 0x00007f92600a17c0 Unloading class 0x0000000800c84800 'jdk/internal/reflect/GeneratedMethodAccessor3'
Event: 89.394 Thread 0x00007f92600a17c0 Unloading class 0x0000000800c84400 'jdk/internal/reflect/GeneratedMethodAccessor2'
Event: 89.394 Thread 0x00007f92600a17c0 Unloading class 0x0000000800c84000 'jdk/internal/reflect/GeneratedMethodAccessor1'
Event: 89.394 Thread 0x00007f92600a17c0 Unloading class 0x0000000800c01c00 'java/lang/invoke/LambdaForm$DMH+0x0000000800c01c00'
Event: 255.026 Thread 0x00007f92600a17c0 Unloading class 0x0000000801110000 'jdk/internal/reflect/GeneratedConstructorAccessor29'

Classes redefined (0 events):
No events

Internal exceptions (20 events):
Event: 101.601 Thread 0x00007f91cc165350 Exception <a 'java/lang/ArrayIndexOutOfBoundsException'{0x00000000f5a05658}: Index 45 out of bounds for length 45> (0x00000000f5a05658) 
thrown [src/hotspot/share/interpreter/interpreterRuntime.cpp, line 428]
Event: 101.688 Thread 0x00007f91cc165350 Exception <a 'java/lang/ArrayIndexOutOfBoundsException'{0x00000000f5d8b040}: Index 42 out of bounds for length 42> (0x00000000f5d8b040) 
thrown [src/hotspot/share/interpreter/interpreterRuntime.cpp, line 428]
Event: 101.777 Thread 0x00007f91cc165350 Exception <a 'java/lang/ArrayIndexOutOfBoundsException'{0x00000000f61bfb98}: Index 42 out of bounds for length 42> (0x00000000f61bfb98) 
thrown [src/hotspot/share/interpreter/interpreterRuntime.cpp, line 428]
Event: 101.787 Thread 0x00007f91cc165350 Exception <a 'java/lang/ArrayIndexOutOfBoundsException'{0x00000000f64c7b80}: Index 45 out of bounds for length 45> (0x00000000f64c7b80) 
thrown [src/hotspot/share/interpreter/interpreterRuntime.cpp, line 428]
Event: 101.898 Thread 0x00007f91cc165350 Exception <a 'java/lang/ArrayIndexOutOfBoundsException'{0x00000000f6608b60}: Index 45 out of bounds for length 45> (0x00000000f6608b60) 
thrown [src/hotspot/share/interpreter/interpreterRuntime.cpp, line 428]
Event: 101.908 Thread 0x00007f91cc165350 Exception <a 'java/lang/ArrayIndexOutOfBoundsException'{0x00000000f686f100}: Index 45 out of bounds for length 45> (0x00000000f686f100) 
thrown [src/hotspot/share/interpreter/interpreterRuntime.cpp, line 428]
Event: 101.991 Thread 0x00007f91cc165350 Exception <a 'java/lang/ArrayIndexOutOfBoundsException'{0x00000000f69b0180}: Index 45 out of bounds for length 45> (0x00000000f69b0180) 
thrown [src/hotspot/share/interpreter/interpreterRuntime.cpp, line 428]
Event: 102.009 Thread 0x00007f91cc165350 Exception <a 'java/lang/ArrayIndexOutOfBoundsException'{0x00000000f6d35e40}: Index 45 out of bounds for length 45> (0x00000000f6d35e40) 
thrown [src/hotspot/share/interpreter/interpreterRuntime.cpp, line 428]
Event: 102.092 Thread 0x00007f91cc165350 Exception <a 'java/lang/ArrayIndexOutOfBoundsException'{0x00000000f6ef4aa0}> (0x00000000f6ef4aa0) 
thrown [src/hotspot/share/runtime/sharedRuntime.cpp, line 628]
Event: 102.181 Thread 0x00007f91cc165350 Exception <a 'java/lang/ArrayIndexOutOfBoundsException'{0x00000000f72f8bc0}> (0x00000000f72f8bc0) 
thrown [src/hotspot/share/runtime/sharedRuntime.cpp, line 628]
Event: 102.193 Thread 0x00007f91cc165350 Exception <a 'java/lang/ArrayIndexOutOfBoundsException'{0x00000000f76aefa8}> (0x00000000f76aefa8) 
thrown [src/hotspot/share/runtime/sharedRuntime.cpp, line 628]
Event: 102.199 Thread 0x00007f91cc165350 Exception <a 'java/lang/ArrayIndexOutOfBoundsException'{0x00000000f77bf968}> (0x00000000f77bf968) 
thrown [src/hotspot/share/runtime/sharedRuntime.cpp, line 628]
Event: 102.313 Thread 0x00007f91cc165350 Exception <a 'java/lang/ArrayIndexOutOfBoundsException'{0x00000000f797f970}> (0x00000000f797f970) 
thrown [src/hotspot/share/runtime/sharedRuntime.cpp, line 628]
Event: 102.379 Thread 0x00007f91cc165350 Exception <a 'java/lang/ArrayIndexOutOfBoundsException'{0x00000000f7c09c18}> (0x00000000f7c09c18) 
thrown [src/hotspot/share/runtime/sharedRuntime.cpp, line 628]
Event: 102.393 Thread 0x00007f91cc165350 Exception <a 'java/lang/ArrayIndexOutOfBoundsException'{0x00000000f7f423f0}> (0x00000000f7f423f0) 
thrown [src/hotspot/share/runtime/sharedRuntime.cpp, line 628]
Event: 102.407 Thread 0x00007f91cc165350 Exception <a 'java/lang/ArrayIndexOutOfBoundsException'{0x00000000f80d0b38}> (0x00000000f80d0b38) 
thrown [src/hotspot/share/runtime/sharedRuntime.cpp, line 628]
Event: 102.413 Thread 0x00007f91cc165350 Exception <a 'java/lang/ArrayIndexOutOfBoundsException'{0x00000000f8194530}> (0x00000000f8194530) 
thrown [src/hotspot/share/runtime/sharedRuntime.cpp, line 628]
Event: 102.484 Thread 0x00007f91cc165350 Exception <a 'java/lang/ArrayIndexOutOfBoundsException'{0x00000000f8322c10}> (0x00000000f8322c10) 
thrown [src/hotspot/share/runtime/sharedRuntime.cpp, line 628]
Event: 102.491 Thread 0x00007f91cc165350 Exception <a 'java/lang/ArrayIndexOutOfBoundsException'{0x00000000f83e5fd8}> (0x00000000f83e5fd8) 
thrown [src/hotspot/share/runtime/sharedRuntime.cpp, line 628]
Event: 553.109 Thread 0x00007f92600b1dd0 Exception <a 'java/lang/OutOfMemoryError'{0x00000000e00d0e50}> (0x00000000e00d0e50) 
thrown [src/hotspot/share/gc/shared/memAllocator.cpp, line 136]

VM Operations (20 events):
Event: 538.477 Executing VM operation: ParallelGCFailedAllocation
Event: 539.907 Executing VM operation: ParallelGCFailedAllocation done
Event: 539.907 Executing VM operation: ParallelGCFailedAllocation
Event: 541.214 Executing VM operation: ParallelGCFailedAllocation done
Event: 541.215 Executing VM operation: ParallelGCFailedAllocation
Event: 542.508 Executing VM operation: ParallelGCFailedAllocation done
Event: 542.508 Executing VM operation: ParallelGCFailedAllocation
Event: 543.926 Executing VM operation: ParallelGCFailedAllocation done
Event: 543.926 Executing VM operation: ParallelGCFailedAllocation
Event: 545.197 Executing VM operation: ParallelGCFailedAllocation done
Event: 545.197 Executing VM operation: ParallelGCFailedAllocation
Event: 546.589 Executing VM operation: ParallelGCFailedAllocation done
Event: 546.591 Executing VM operation: ParallelGCFailedAllocation
Event: 547.873 Executing VM operation: ParallelGCFailedAllocation done
Event: 547.874 Executing VM operation: ParallelGCFailedAllocation
Event: 549.208 Executing VM operation: ParallelGCFailedAllocation done
Event: 549.208 Executing VM operation: ParallelGCFailedAllocation
Event: 550.327 Executing VM operation: ParallelGCFailedAllocation done
Event: 550.328 Executing VM operation: ParallelGCFailedAllocation
Event: 553.109 Executing VM operation: ParallelGCFailedAllocation done

Events (20 events):
Event: 110.287 Thread 0x00007f92600b4340 flushing nmethod 0x00007f924874fc10
Event: 110.287 Thread 0x00007f92600b4340 flushing nmethod 0x00007f9248799d90
Event: 110.287 Thread 0x00007f92600b4340 flushing nmethod 0x00007f92487a8b90
Event: 110.287 Thread 0x00007f92600b4340 flushing nmethod 0x00007f92487ae510
Event: 110.288 Thread 0x00007f92600b4340 flushing nmethod 0x00007f9248812910
Event: 110.288 Thread 0x00007f92600b4340 flushing nmethod 0x00007f9248830690
Event: 110.288 Thread 0x00007f92600b4340 flushing nmethod 0x00007f924883cd10
Event: 110.288 Thread 0x00007f92600b4340 flushing nmethod 0x00007f9248847f90
Event: 110.288 Thread 0x00007f92600b4340 flushing nmethod 0x00007f924884f890
Event: 110.288 Thread 0x00007f92600b4340 flushing nmethod 0x00007f9248855410
Event: 110.288 Thread 0x00007f92600b4340 flushing nmethod 0x00007f9248857a10
Event: 110.288 Thread 0x00007f92600b4340 flushing nmethod 0x00007f924885e890
Event: 110.288 Thread 0x00007f92600b4340 flushing nmethod 0x00007f924885ed10
Event: 110.288 Thread 0x00007f92600b4340 flushing nmethod 0x00007f9248864210
Event: 110.288 Thread 0x00007f92600b4340 flushing nmethod 0x00007f9248868210
Event: 110.288 Thread 0x00007f92600b4340 flushing nmethod 0x00007f9248886790
Event: 110.288 Thread 0x00007f92600b4340 flushing nmethod 0x00007f92488be190
Event: 110.288 Thread 0x00007f92600b4340 flushing nmethod 0x00007f92488c0410
Event: 188.301 Thread 0x00007f91e40010d0 Thread exited: 0x00007f91e40010d0
Event: 188.301 Thread 0x00007f91f00030c0 Thread exited: 0x00007f91f00030c0


Dynamic libraries:
e0000000-f1900000 rw-p 00000000 00:00 0 
f1900000-f8700000 rw-p 00000000 00:00 0 
f8700000-100000000 ---p 00000000 00:00 0 
800000000-800449000 rw-p 00001000 00:77f 707969865                       /nix/store/gpxl5qgg8kicmcvivwmybwjlpf7wh20l-graalvm17-ce-22.3.0/lib/server/classes.jsa
800449000-800bc8000 r--p 0044a000 00:77f 707969865                       /nix/store/gpxl5qgg8kicmcvivwmybwjlpf7wh20l-graalvm17-ce-22.3.0/lib/server/classes.jsa
800bc8000-800c00000 ---p 00000000 00:00 0 
800c00000-800c10000 rw-p 00000000 00:00 0 
800c10000-800c30000 rw-p 00000000 00:00 0 
800c30000-800cb0000 rw-p 00000000 00:00 0 
800cb0000-800cf0000 rw-p 00000000 00:00 0 
800cf0000-800db0000 rw-p 00000000 00:00 0 
800db0000-800df0000 rw-p 00000000 00:00 0 
800df0000-801130000 rw-p 00000000 00:00 0 
801130000-801140000 ---p 00000000 00:00 0 
801140000-801150000 rw-p 00000000 00:00 0 
801150000-840c00000 ---p 00000000 00:00 0 
55ad810f3000-55ad810f4000 r-xp 00000000 00:77f 672029940                 /nix/store/gpxl5qgg8kicmcvivwmybwjlpf7wh20l-graalvm17-ce-22.3.0/bin/.java-wrapped
55ad810f5000-55ad810f6000 r--p 00001000 00:77f 672029940                 /nix/store/gpxl5qgg8kicmcvivwmybwjlpf7wh20l-graalvm17-ce-22.3.0/bin/.java-wrapped
55ad810f6000-55ad810f7000 rw-p 00002000 00:77f 672029940                 /nix/store/gpxl5qgg8kicmcvivwmybwjlpf7wh20l-graalvm17-ce-22.3.0/bin/.java-wrapped
55ad810f7000-55ad810f8000 rw-p 00004000 00:77f 672029940                 /nix/store/gpxl5qgg8kicmcvivwmybwjlpf7wh20l-graalvm17-ce-22.3.0/bin/.java-wrapped
55ad810f8000-55ad810f9000 rw-p 00005000 00:77f 672029940                 /nix/store/gpxl5qgg8kicmcvivwmybwjlpf7wh20l-graalvm17-ce-22.3.0/bin/.java-wrapped
55ad82de3000-55ad82e2b000 rw-p 00000000 00:00 0                          [heap]
7f919c000000-7f919c04d000 rw-p 00000000 00:00 0 
7f919c04d000-7f91a0000000 ---p 00000000 00:00 0 
7f91a4000000-7f91a4040000 rw-p 00000000 00:00 0 
7f91a4040000-7f91a8000000 ---p 00000000 00:00 0 
7f91a8000000-7f91a8098000 rw-p 00000000 00:00 0 
7f91a8098000-7f91ac000000 ---p 00000000 00:00 0 
7f91ac000000-7f91ac05c000 rw-p 00000000 00:00 0 
7f91ac05c000-7f91b0000000 ---p 00000000 00:00 0 
7f91b0000000-7f91b0076000 rw-p 00000000 00:00 0 
7f91b0076000-7f91b4000000 ---p 00000000 00:00 0 
7f91b4000000-7f91b4021000 rw-p 00000000 00:00 0 
7f91b4021000-7f91b8000000 ---p 00000000 00:00 0 
7f91b8000000-7f91b8064000 rw-p 00000000 00:00 0 
7f91b8064000-7f91bc000000 ---p 00000000 00:00 0 
7f91bc000000-7f91bc021000 rw-p 00000000 00:00 0 
7f91bc021000-7f91c0000000 ---p 00000000 00:00 0 
7f91c0800000-7f91c0830000 rw-p 00000000 00:00 0 
7f91c0830000-7f91c08b0000 rw-p 00000000 00:00 0 
7f91c08b0000-7f91c1000000 ---p 00000000 00:00 0 
7f91c1300000-7f91c1400000 ---p 00000000 00:00 0 
7f91c1400000-7f91c19af000 r--p 01122000 00:77f 707802136                 /nix/store/gpxl5qgg8kicmcvivwmybwjlpf7wh20l-graalvm17-ce-22.3.0/lib/libjvmcicompiler.so
7f91c19af000-7f91c1b00000 r--p 00000000 00:00 0 
7f91c1b00000-7f91c1b3d000 rw-p 00000000 00:00 0 
7f91c1b3d000-7f91c205d000 rw-p 0185f000 00:77f 707802136                 /nix/store/gpxl5qgg8kicmcvivwmybwjlpf7wh20l-graalvm17-ce-22.3.0/lib/libjvmcicompiler.so
7f91c205d000-7f91c2444000 r--p 01d7f000 00:77f 707802136                 /nix/store/gpxl5qgg8kicmcvivwmybwjlpf7wh20l-graalvm17-ce-22.3.0/lib/libjvmcicompiler.so
7f91c24b3000-7f91cc000000 r--s 00000000 00:77f 707804677                 /nix/store/gpxl5qgg8kicmcvivwmybwjlpf7wh20l-graalvm17-ce-22.3.0/lib/modules
7f91cc000000-7f91cc2e2000 rw-p 00000000 00:00 0 
7f91cc2e2000-7f91d0000000 ---p 00000000 00:00 0 
7f91d0000000-7f91d0107000 rw-p 00000000 00:00 0 
7f91d0107000-7f91d4000000 ---p 00000000 00:00 0 
7f91d4000000-7f91d4021000 rw-p 00000000 00:00 0 
7f91d4021000-7f91d8000000 ---p 00000000 00:00 0 
7f91d8000000-7f91d8021000 rw-p 00000000 00:00 0 
7f91d8021000-7f91dc000000 ---p 00000000 00:00 0 
7f91dc000000-7f91dc31f000 rw-p 00000000 00:00 0 
7f91dc31f000-7f91e0000000 ---p 00000000 00:00 0 
7f91e0000000-7f91e0021000 rw-p 00000000 00:00 0 
7f91e0021000-7f91e4000000 ---p 00000000 00:00 0 
7f91e4000000-7f91e4045000 rw-p 00000000 00:00 0 
7f91e4045000-7f91e8000000 ---p 00000000 00:00 0 
7f91e8000000-7f91e8073000 rw-p 00000000 00:00 0 
7f91e8073000-7f91ec000000 ---p 00000000 00:00 0 
7f91ec000000-7f91ec021000 rw-p 00000000 00:00 0 
7f91ec021000-7f91f0000000 ---p 00000000 00:00 0 
7f91f0000000-7f91f0021000 rw-p 00000000 00:00 0 
7f91f0021000-7f91f4000000 ---p 00000000 00:00 0 
7f91f4c00000-7f91f4cf0000 rw-p 00000000 00:00 0 
7f91f4cf0000-7f91f4d80000 rw-p 00000000 00:00 0 
7f91f4d80000-7f91f4e00000 ---p 00000000 00:00 0 
7f91f4e00000-7f91f53f0000 rw-p 00000000 00:00 0 
7f91f53f0000-7f91f5400000 rw-p 00000000 00:00 0 
7f91f5800000-7f91f58f0000 rw-p 00000000 00:00 0 
7f91f58f0000-7f91f5ff0000 rw-p 00000000 00:00 0 
7f91f5ff0000-7f91f60f0000 rw-p 00000000 00:00 0 
7f91f60f0000-7f91f61f0000 rw-p 00000000 00:00 0 
7f91f61f0000-7f91f6800000 rw-p 00000000 00:00 0 
7f91f7000000-7f91f70f0000 rw-p 00000000 00:00 0 
7f91f70f0000-7f91f71f0000 rw-p 00000000 00:00 0 
7f91f71f0000-7f91f77f0000 rw-p 00000000 00:00 0 
7f91f77f0000-7f91f78f0000 rw-p 00000000 00:00 0 
7f91f78f0000-7f91f79f0000 rw-p 00000000 00:00 0 
7f91f79f0000-7f91f8000000 rw-p 00000000 00:00 0 
7f91f8000000-7f91f888e000 rw-p 00000000 00:00 0 
7f91f888e000-7f91fc000000 ---p 00000000 00:00 0 
7f91fc000000-7f91fc021000 rw-p 00000000 00:00 0 
7f91fc021000-7f9200000000 ---p 00000000 00:00 0 
7f9200000000-7f9200021000 rw-p 00000000 00:00 0 
7f9200021000-7f9204000000 ---p 00000000 00:00 0 
7f9204000000-7f9204021000 rw-p 00000000 00:00 0 
7f9204021000-7f9208000000 ---p 00000000 00:00 0 
7f9208000000-7f9208021000 rw-p 00000000 00:00 0 
7f9208021000-7f920c000000 ---p 00000000 00:00 0 
7f920c400000-7f920c410000 r-xp 00000000 00:778 352                       /home/runner/final-project-apcsa-team-8-1/.cache/jdt-language-server/config/org.eclipse.equinox.launcher/org.eclipse.equinox.launcher.gtk.linux.x86_64_1.2.400.v20211117-0650/eclipse_11600.so
7f920c410000-7f920c60f000 ---p 00010000 00:778 352                       /home/runner/final-project-apcsa-team-8-1/.cache/jdt-language-server/config/org.eclipse.equinox.launcher/org.eclipse.equinox.launcher.gtk.linux.x86_64_1.2.400.v20211117-0650/eclipse_11600.so
7f920c60f000-7f920c610000 r--p 0000f000 00:778 352                       /home/runner/final-project-apcsa-team-8-1/.cache/jdt-language-server/config/org.eclipse.equinox.launcher/org.eclipse.equinox.launcher.gtk.linux.x86_64_1.2.400.v20211117-0650/eclipse_11600.so
7f920c610000-7f920c611000 rw-p 00010000 00:778 352                       /home/runner/final-project-apcsa-team-8-1/.cache/jdt-language-server/config/org.eclipse.equinox.launcher/org.eclipse.equinox.launcher.gtk.linux.x86_64_1.2.400.v20211117-0650/eclipse_11600.so
7f920d700000-7f920d704000 ---p 00000000 00:00 0 
7f920d704000-7f920d800000 rw-p 00000000 00:00 0 
7f920d900000-7f920d904000 ---p 00000000 00:00 0 
7f920d904000-7f920da00000 rw-p 00000000 00:00 0 
7f920db00000-7f920db04000 ---p 00000000 00:00 0 
7f920db04000-7f920dc00000 rw-p 00000000 00:00 0 
7f920dd00000-7f920dd04000 ---p 00000000 00:00 0 
7f920dd04000-7f920de00000 rw-p 00000000 00:00 0 
7f920df00000-7f920df04000 ---p 00000000 00:00 0 
7f920df04000-7f920e000000 rw-p 00000000 00:00 0 
7f920e100000-7f920e104000 ---p 00000000 00:00 0 
7f920e104000-7f920e200000 rw-p 00000000 00:00 0 
7f920e300000-7f920e304000 ---p 00000000 00:00 0 
7f920e304000-7f920e400000 rw-p 00000000 00:00 0 
7f920e500000-7f920e504000 ---p 00000000 00:00 0 
7f920e504000-7f920e600000 rw-p 00000000 00:00 0 
7f920e700000-7f920e704000 ---p 00000000 00:00 0 
7f920e704000-7f920e800000 rw-p 00000000 00:00 0 
7f920e900000-7f920e904000 ---p 00000000 00:00 0 
7f920e904000-7f920ea00000 rw-p 00000000 00:00 0 
7f920eb00000-7f920eb04000 ---p 00000000 00:00 0 
7f920eb04000-7f920ec00000 rw-p 00000000 00:00 0 
7f920ed00000-7f920ed04000 ---p 00000000 00:00 0 
7f920ed04000-7f920ee00000 rw-p 00000000 00:00 0 
7f920fba9000-7f920ff00000 rw-p 00000000 00:00 0 
7f9210000000-7f9210021000 rw-p 00000000 00:00 0 
7f9210021000-7f9214000000 ---p 00000000 00:00 0 
7f9214000000-7f9214021000 rw-p 00000000 00:00 0 
7f9214021000-7f9218000000 ---p 00000000 00:00 0 
7f9218000000-7f9218021000 rw-p 00000000 00:00 0 
7f9218021000-7f921c000000 ---p 00000000 00:00 0 
7f921c000000-7f921c021000 rw-p 00000000 00:00 0 
7f921c021000-7f9220000000 ---p 00000000 00:00 0 
7f9220000000-7f922021b000 rw-p 00000000 00:00 0 
7f922021b000-7f9224000000 ---p 00000000 00:00 0 
7f9224000000-7f9224ae8000 rw-p 00000000 00:00 0 
7f9224ae8000-7f9228000000 ---p 00000000 00:00 0 
7f9228000000-7f9228021000 rw-p 00000000 00:00 0 
7f9228021000-7f922c000000 ---p 00000000 00:00 0 
7f922c000000-7f922c021000 rw-p 00000000 00:00 0 
7f922c021000-7f9230000000 ---p 00000000 00:00 0 
7f9230000000-7f9230021000 rw-p 00000000 00:00 0 
7f9230021000-7f9234000000 ---p 00000000 00:00 0 
7f9234000000-7f9234021000 rw-p 00000000 00:00 0 
7f9234021000-7f9238000000 ---p 00000000 00:00 0 
7f9238000000-7f9238021000 rw-p 00000000 00:00 0 
7f9238021000-7f923c000000 ---p 00000000 00:00 0 
7f923c000000-7f923c021000 rw-p 00000000 00:00 0 
7f923c021000-7f9240000000 ---p 00000000 00:00 0 
7f9240000000-7f9240102000 rw-p 00000000 00:00 0 
7f9240102000-7f9244000000 ---p 00000000 00:00 0 
7f9244100000-7f9244104000 ---p 00000000 00:00 0 
7f9244104000-7f9244200000 rw-p 00000000 00:00 0 
7f9244300000-7f9244304000 ---p 00000000 00:00 0 
7f9244304000-7f9244400000 rw-p 00000000 00:00 0 
7f9244500000-7f9244504000 ---p 00000000 00:00 0 
7f9244504000-7f9244600000 rw-p 00000000 00:00 0 
7f9244700000-7f9244704000 ---p 00000000 00:00 0 
7f9244704000-7f9244800000 rw-p 00000000 00:00 0 
7f9244900000-7f9244904000 ---p 00000000 00:00 0 
7f9244904000-7f9244a00000 rw-p 00000000 00:00 0 
7f9244b00000-7f9244b04000 ---p 00000000 00:00 0 
7f9244b04000-7f9244c00000 rw-p 00000000 00:00 0 
7f9244c00000-7f9244c04000 ---p 00000000 00:00 0 
7f9244c04000-7f9244d00000 rw-p 00000000 00:00 0 
7f9244d00000-7f9244d04000 ---p 00000000 00:00 0 
7f9244d04000-7f9244e00000 rw-p 00000000 00:00 0 
7f9244f00000-7f9244f04000 ---p 00000000 00:00 0 
7f9244f04000-7f9245000000 rw-p 00000000 00:00 0 
7f9245000000-7f924716a000 r-xp 00000000 00:77f 707802136                 /nix/store/gpxl5qgg8kicmcvivwmybwjlpf7wh20l-graalvm17-ce-22.3.0/lib/libjvmcicompiler.so
7f924716a000-7f9247369000 ---p 0216a000 00:77f 707802136                 /nix/store/gpxl5qgg8kicmcvivwmybwjlpf7wh20l-graalvm17-ce-22.3.0/lib/libjvmcicompiler.so
7f9247369000-7f924736a000 r--p 02169000 00:77f 707802136                 /nix/store/gpxl5qgg8kicmcvivwmybwjlpf7wh20l-graalvm17-ce-22.3.0/lib/libjvmcicompiler.so
7f924736a000-7f924736c000 rw-p 0216a000 00:77f 707802136                 /nix/store/gpxl5qgg8kicmcvivwmybwjlpf7wh20l-graalvm17-ce-22.3.0/lib/libjvmcicompiler.so
7f924736c000-7f924736d000 rw-p 00000000 00:00 0 
7f924736d000-7f9247372000 rw-p 023c3000 00:77f 707802136                 /nix/store/gpxl5qgg8kicmcvivwmybwjlpf7wh20l-graalvm17-ce-22.3.0/lib/libjvmcicompiler.so
7f92473b3000-7f92473b7000 ---p 00000000 00:00 0 
7f92473b7000-7f92474b3000 rw-p 00000000 00:00 0 
7f92474b3000-7f9247723000 rwxp 00000000 00:00 0 
7f9247723000-7f9247a42000 ---p 00000000 00:00 0 
7f9247a42000-7f92489c2000 rwxp 00000000 00:00 0 
7f92489c2000-7f924ef7a000 ---p 00000000 00:00 0 
7f924ef7a000-7f924f25a000 rwxp 00000000 00:00 0 
7f924f25a000-7f92564b3000 ---p 00000000 00:00 0 
7f92564b3000-7f9260000000 r--s 00000000 00:77f 707804677                 /nix/store/gpxl5qgg8kicmcvivwmybwjlpf7wh20l-graalvm17-ce-22.3.0/lib/modules
7f9260000000-7f9260409000 rw-p 00000000 00:00 0 
7f9260409000-7f9264000000 ---p 00000000 00:00 0 
7f92640db000-7f92640df000 ---p 00000000 00:00 0 
7f92640df000-7f92640fd000 rw-p 00000000 00:00 0 
7f92640fd000-7f9264112000 r-xp 00000000 00:77f 707804666                 /nix/store/gpxl5qgg8kicmcvivwmybwjlpf7wh20l-graalvm17-ce-22.3.0/lib/libnet.so
7f9264112000-7f9264113000 ---p 00015000 00:77f 707804666                 /nix/store/gpxl5qgg8kicmcvivwmybwjlpf7wh20l-graalvm17-ce-22.3.0/lib/libnet.so
7f9264113000-7f9264114000 r--p 00015000 00:77f 707804666                 /nix/store/gpxl5qgg8kicmcvivwmybwjlpf7wh20l-graalvm17-ce-22.3.0/lib/libnet.so
7f9264114000-7f9264115000 rw-p 00016000 00:77f 707804666                 /nix/store/gpxl5qgg8kicmcvivwmybwjlpf7wh20l-graalvm17-ce-22.3.0/lib/libnet.so
7f9264115000-7f9264118000 rw-p 0001b000 00:77f 707804666                 /nix/store/gpxl5qgg8kicmcvivwmybwjlpf7wh20l-graalvm17-ce-22.3.0/lib/libnet.so
7f9264118000-7f9264119000 ---p 00000000 00:00 0 
7f9264119000-7f926421a000 rw-p 00000000 00:00 0 
7f926421a000-7f926421e000 ---p 00000000 00:00 0 
7f926421e000-7f926431a000 rw-p 00000000 00:00 0 
7f926431a000-7f926431e000 ---p 00000000 00:00 0 
7f926431e000-7f926441a000 rw-p 00000000 00:00 0 
7f926441a000-7f926441e000 ---p 00000000 00:00 0 
7f926441e000-7f926451a000 rw-p 00000000 00:00 0 
7f926451a000-7f926451e000 ---p 00000000 00:00 0 
7f926451e000-7f926471a000 rw-p 00000000 00:00 0 
7f926471a000-7f926471e000 ---p 00000000 00:00 0 
7f926471e000-7f926491a000 rw-p 00000000 00:00 0 
7f926491a000-7f926491e000 ---p 00000000 00:00 0 
7f926491e000-7f9264a1a000 rw-p 00000000 00:00 0 
7f9264a1a000-7f9264a1e000 ---p 00000000 00:00 0 
7f9264a1e000-7f9264b1a000 rw-p 00000000 00:00 0 
7f9264b1a000-7f9264b1e000 ---p 00000000 00:00 0 
7f9264b1e000-7f9264c1a000 rw-p 00000000 00:00 0 
7f9264c1a000-7f9264f00000 r--p 00000000 00:13c 28444448                  /usr/lib/locale/locale-archive
7f9264f00000-7f9264f04000 ---p 00000000 00:00 0 
7f9264f04000-7f92653f0000 rw-p 00000000 00:00 0 
7f92653f0000-7f92656f0000 rw-p 00000000 00:00 0 
7f92656f0000-7f9265800000 rw-p 00000000 00:00 0 
7f9265800000-7f9265807000 r-xp 00000000 00:77f 707804676                 /nix/store/gpxl5qgg8kicmcvivwmybwjlpf7wh20l-graalvm17-ce-22.3.0/lib/libzip.so
7f9265807000-7f9265808000 ---p 00007000 00:77f 707804676                 /nix/store/gpxl5qgg8kicmcvivwmybwjlpf7wh20l-graalvm17-ce-22.3.0/lib/libzip.so
7f9265808000-7f9265809000 r--p 00007000 00:77f 707804676                 /nix/store/gpxl5qgg8kicmcvivwmybwjlpf7wh20l-graalvm17-ce-22.3.0/lib/libzip.so
7f9265809000-7f926580a000 rw-p 00008000 00:77f 707804676                 /nix/store/gpxl5qgg8kicmcvivwmybwjlpf7wh20l-graalvm17-ce-22.3.0/lib/libzip.so
7f926580a000-7f926580c000 rw-p 0000b000 00:77f 707804676                 /nix/store/gpxl5qgg8kicmcvivwmybwjlpf7wh20l-graalvm17-ce-22.3.0/lib/libzip.so
7f926580c000-7f926581f000 r-xp 00000000 00:77f 707804667                 /nix/store/gpxl5qgg8kicmcvivwmybwjlpf7wh20l-graalvm17-ce-22.3.0/lib/libnio.so
7f926581f000-7f9265820000 r--p 00012000 00:77f 707804667                 /nix/store/gpxl5qgg8kicmcvivwmybwjlpf7wh20l-graalvm17-ce-22.3.0/lib/libnio.so
7f9265820000-7f9265821000 rw-p 00013000 00:77f 707804667                 /nix/store/gpxl5qgg8kicmcvivwmybwjlpf7wh20l-graalvm17-ce-22.3.0/lib/libnio.so
7f9265821000-7f9265826000 rw-p 00019000 00:77f 707804667                 /nix/store/gpxl5qgg8kicmcvivwmybwjlpf7wh20l-graalvm17-ce-22.3.0/lib/libnio.so
7f9265826000-7f926582a000 ---p 00000000 00:00 0 
7f926582a000-7f9265926000 rw-p 00000000 00:00 0 
7f9265926000-7f9265927000 ---p 00000000 00:00 0 
7f9265927000-7f9265a28000 rw-p 00000000 00:00 0 
7f9265a28000-7f9265af6000 r-xp 00000000 00:77f 707802132                 /nix/store/gpxl5qgg8kicmcvivwmybwjlpf7wh20l-graalvm17-ce-22.3.0/lib/libjsvml.so
7f9265af6000-7f9265af7000 r--p 000cd000 00:77f 707802132                 /nix/store/gpxl5qgg8kicmcvivwmybwjlpf7wh20l-graalvm17-ce-22.3.0/lib/libjsvml.so
7f9265af7000-7f9265af8000 rw-p 000ce000 00:77f 707802132                 /nix/store/gpxl5qgg8kicmcvivwmybwjlpf7wh20l-graalvm17-ce-22.3.0/lib/libjsvml.so
7f9265af8000-7f92673d0000 rw-p 00000000 00:00 0 
7f92673d0000-7f92673d1000 ---p 00000000 00:00 0 
7f92673d1000-7f926755f000 rw-p 00000000 00:00 0 
7f926755f000-7f9267596000 rw-p 00000000 00:00 0 
7f9267596000-7f92675d2000 ---p 00000000 00:00 0 
7f92675d2000-7f92675d9000 rw-p 00000000 00:00 0 
7f92675d9000-7f92676be000 ---p 00000000 00:00 0 
7f92676be000-7f92676dd000 rw-p 00000000 00:00 0 
7f92676dd000-7f92677a9000 ---p 00000000 00:00 0 
7f92677a9000-7f92677ae000 rw-p 00000000 00:00 0 
7f92677ae000-7f92677b5000 ---p 00000000 00:00 0 
7f92677b5000-7f92677d9000 r-xp 00000000 00:77f 707802124                 /nix/store/gpxl5qgg8kicmcvivwmybwjlpf7wh20l-graalvm17-ce-22.3.0/lib/libjava.so
7f92677d9000-7f92677da000 ---p 00024000 00:77f 707802124                 /nix/store/gpxl5qgg8kicmcvivwmybwjlpf7wh20l-graalvm17-ce-22.3.0/lib/libjava.so
7f92677da000-7f92677db000 r--p 00024000 00:77f 707802124                 /nix/store/gpxl5qgg8kicmcvivwmybwjlpf7wh20l-graalvm17-ce-22.3.0/lib/libjava.so
7f92677db000-7f92677dc000 rw-p 00025000 00:77f 707802124                 /nix/store/gpxl5qgg8kicmcvivwmybwjlpf7wh20l-graalvm17-ce-22.3.0/lib/libjava.so
7f92677dc000-7f92677dd000 rw-p 00000000 00:00 0 
7f92677dd000-7f92677e4000 rw-p 0002f000 00:77f 707802124                 /nix/store/gpxl5qgg8kicmcvivwmybwjlpf7wh20l-graalvm17-ce-22.3.0/lib/libjava.so
7f92677e4000-7f92677ec000 rw-s 00000000 00:112 386                       /tmp/hsperfdata_runner/5645
7f92677ec000-7f92677ed000 ---p 00000000 00:00 0 
7f92677ed000-7f92677ee000 r--p 00000000 00:00 0 
7f92677ee000-7f92677ef000 rwxp 00000000 00:00 0 
7f92677ef000-7f926780a000 r-xp 00000000 00:77f 707802128                 /nix/store/gpxl5qgg8kicmcvivwmybwjlpf7wh20l-graalvm17-ce-22.3.0/lib/libjimage.so
7f926780a000-7f926780b000 ---p 0001b000 00:77f 707802128                 /nix/store/gpxl5qgg8kicmcvivwmybwjlpf7wh20l-graalvm17-ce-22.3.0/lib/libjimage.so
7f926780b000-7f926780d000 r--p 0001b000 00:77f 707802128                 /nix/store/gpxl5qgg8kicmcvivwmybwjlpf7wh20l-graalvm17-ce-22.3.0/lib/libjimage.so
7f926780d000-7f926780e000 rw-p 0001d000 00:77f 707802128                 /nix/store/gpxl5qgg8kicmcvivwmybwjlpf7wh20l-graalvm17-ce-22.3.0/lib/libjimage.so
7f926780e000-7f926780f000 rw-p 00024000 00:77f 707802128                 /nix/store/gpxl5qgg8kicmcvivwmybwjlpf7wh20l-graalvm17-ce-22.3.0/lib/libjimage.so
7f926780f000-7f9267813000 ---p 00000000 00:00 0 
7f9267813000-7f926790f000 rw-p 00000000 00:00 0 
7f926790f000-7f926791d000 r--p 00000000 00:77f 600592023                 /nix/store/4nlgxhb09sdr51nc9hdm8az5b08vzkgx-glibc-2.35-163/lib/libm.so.6
7f926791d000-7f9267990000 r-xp 0000e000 00:77f 600592023                 /nix/store/4nlgxhb09sdr51nc9hdm8az5b08vzkgx-glibc-2.35-163/lib/libm.so.6
7f9267990000-7f92679ed000 r--p 00081000 00:77f 600592023                 /nix/store/4nlgxhb09sdr51nc9hdm8az5b08vzkgx-glibc-2.35-163/lib/libm.so.6
7f92679ed000-7f92679ee000 r--p 000dd000 00:77f 600592023                 /nix/store/4nlgxhb09sdr51nc9hdm8az5b08vzkgx-glibc-2.35-163/lib/libm.so.6
7f92679ee000-7f92679ef000 rw-p 000de000 00:77f 600592023                 /nix/store/4nlgxhb09sdr51nc9hdm8az5b08vzkgx-glibc-2.35-163/lib/libm.so.6
7f92679ef000-7f92679f0000 r--p 00000000 00:77f 600592042                 /nix/store/4nlgxhb09sdr51nc9hdm8az5b08vzkgx-glibc-2.35-163/lib/librt.so.1
7f92679f0000-7f92679f1000 r-xp 00001000 00:77f 600592042                 /nix/store/4nlgxhb09sdr51nc9hdm8az5b08vzkgx-glibc-2.35-163/lib/librt.so.1
7f92679f1000-7f92679f2000 r--p 00002000 00:77f 600592042                 /nix/store/4nlgxhb09sdr51nc9hdm8az5b08vzkgx-glibc-2.35-163/lib/librt.so.1
7f92679f2000-7f92679f3000 r--p 00002000 00:77f 600592042                 /nix/store/4nlgxhb09sdr51nc9hdm8az5b08vzkgx-glibc-2.35-163/lib/librt.so.1
7f92679f3000-7f92679f4000 rw-p 00003000 00:77f 600592042                 /nix/store/4nlgxhb09sdr51nc9hdm8az5b08vzkgx-glibc-2.35-163/lib/librt.so.1
7f92679f4000-7f9268b07000 r-xp 00000000 00:77f 707972962                 /nix/store/gpxl5qgg8kicmcvivwmybwjlpf7wh20l-graalvm17-ce-22.3.0/lib/server/libjvm.so
7f9268b07000-7f9268b08000 ---p 01113000 00:77f 707972962                 /nix/store/gpxl5qgg8kicmcvivwmybwjlpf7wh20l-graalvm17-ce-22.3.0/lib/server/libjvm.so
7f9268b08000-7f9268bbd000 r--p 01113000 00:77f 707972962                 /nix/store/gpxl5qgg8kicmcvivwmybwjlpf7wh20l-graalvm17-ce-22.3.0/lib/server/libjvm.so
7f9268bbd000-7f9268bf1000 rw-p 011c8000 00:77f 707972962                 /nix/store/gpxl5qgg8kicmcvivwmybwjlpf7wh20l-graalvm17-ce-22.3.0/lib/server/libjvm.so
7f9268bf1000-7f9268c4d000 rw-p 00000000 00:00 0 
7f9268c4d000-7f9268c75000 r--p 00000000 00:77f 600592014                 /nix/store/4nlgxhb09sdr51nc9hdm8az5b08vzkgx-glibc-2.35-163/lib/libc.so.6
7f9268c75000-7f9268deb000 r-xp 00028000 00:77f 600592014                 /nix/store/4nlgxhb09sdr51nc9hdm8az5b08vzkgx-glibc-2.35-163/lib/libc.so.6
7f9268deb000-7f9268e43000 r--p 0019e000 00:77f 600592014                 /nix/store/4nlgxhb09sdr51nc9hdm8az5b08vzkgx-glibc-2.35-163/lib/libc.so.6
7f9268e43000-7f9268e47000 r--p 001f6000 00:77f 600592014                 /nix/store/4nlgxhb09sdr51nc9hdm8az5b08vzkgx-glibc-2.35-163/lib/libc.so.6
7f9268e47000-7f9268e49000 rw-p 001fa000 00:77f 600592014                 /nix/store/4nlgxhb09sdr51nc9hdm8az5b08vzkgx-glibc-2.35-163/lib/libc.so.6
7f9268e49000-7f9268e58000 rw-p 00000000 00:00 0 
7f9268e58000-7f9268e59000 r--p 00000000 00:77f 600592019                 /nix/store/4nlgxhb09sdr51nc9hdm8az5b08vzkgx-glibc-2.35-163/lib/libdl.so.2
7f9268e59000-7f9268e5a000 r-xp 00001000 00:77f 600592019                 /nix/store/4nlgxhb09sdr51nc9hdm8az5b08vzkgx-glibc-2.35-163/lib/libdl.so.2
7f9268e5a000-7f9268e5b000 r--p 00002000 00:77f 600592019                 /nix/store/4nlgxhb09sdr51nc9hdm8az5b08vzkgx-glibc-2.35-163/lib/libdl.so.2
7f9268e5b000-7f9268e5c000 r--p 00002000 00:77f 600592019                 /nix/store/4nlgxhb09sdr51nc9hdm8az5b08vzkgx-glibc-2.35-163/lib/libdl.so.2
7f9268e5c000-7f9268e5d000 rw-p 00003000 00:77f 600592019                 /nix/store/4nlgxhb09sdr51nc9hdm8az5b08vzkgx-glibc-2.35-163/lib/libdl.so.2
7f9268e5d000-7f9268e5e000 r--p 00000000 00:77f 600592038                 /nix/store/4nlgxhb09sdr51nc9hdm8az5b08vzkgx-glibc-2.35-163/lib/libpthread.so.0
7f9268e5e000-7f9268e5f000 r-xp 00001000 00:77f 600592038                 /nix/store/4nlgxhb09sdr51nc9hdm8az5b08vzkgx-glibc-2.35-163/lib/libpthread.so.0
7f9268e5f000-7f9268e60000 r--p 00002000 00:77f 600592038                 /nix/store/4nlgxhb09sdr51nc9hdm8az5b08vzkgx-glibc-2.35-163/lib/libpthread.so.0
7f9268e60000-7f9268e61000 r--p 00002000 00:77f 600592038                 /nix/store/4nlgxhb09sdr51nc9hdm8az5b08vzkgx-glibc-2.35-163/lib/libpthread.so.0
7f9268e61000-7f9268e62000 rw-p 00003000 00:77f 600592038                 /nix/store/4nlgxhb09sdr51nc9hdm8az5b08vzkgx-glibc-2.35-163/lib/libpthread.so.0
7f9268e62000-7f9268e70000 r-xp 00000000 00:77f 707802129                 /nix/store/gpxl5qgg8kicmcvivwmybwjlpf7wh20l-graalvm17-ce-22.3.0/lib/libjli.so
7f9268e70000-7f9268e71000 ---p 0000e000 00:77f 707802129                 /nix/store/gpxl5qgg8kicmcvivwmybwjlpf7wh20l-graalvm17-ce-22.3.0/lib/libjli.so
7f9268e71000-7f9268e72000 r--p 0000e000 00:77f 707802129                 /nix/store/gpxl5qgg8kicmcvivwmybwjlpf7wh20l-graalvm17-ce-22.3.0/lib/libjli.so
7f9268e72000-7f9268e73000 rw-p 0000f000 00:77f 707802129                 /nix/store/gpxl5qgg8kicmcvivwmybwjlpf7wh20l-graalvm17-ce-22.3.0/lib/libjli.so
7f9268e73000-7f9268e74000 rw-p 00012000 00:77f 707802129                 /nix/store/gpxl5qgg8kicmcvivwmybwjlpf7wh20l-graalvm17-ce-22.3.0/lib/libjli.so
7f9268e74000-7f9268e77000 r--p 00000000 00:77f 678822167                 /nix/store/026hln0aq1hyshaxsdvhg0kmcm6yf45r-zlib-1.2.13/lib/libz.so.1.2.13
7f9268e77000-7f9268e89000 r-xp 00003000 00:77f 678822167                 /nix/store/026hln0aq1hyshaxsdvhg0kmcm6yf45r-zlib-1.2.13/lib/libz.so.1.2.13
7f9268e89000-7f9268e90000 r--p 00015000 00:77f 678822167                 /nix/store/026hln0aq1hyshaxsdvhg0kmcm6yf45r-zlib-1.2.13/lib/libz.so.1.2.13
7f9268e90000-7f9268e91000 r--p 0001b000 00:77f 678822167                 /nix/store/026hln0aq1hyshaxsdvhg0kmcm6yf45r-zlib-1.2.13/lib/libz.so.1.2.13
7f9268e91000-7f9268e92000 rw-p 0001c000 00:77f 678822167                 /nix/store/026hln0aq1hyshaxsdvhg0kmcm6yf45r-zlib-1.2.13/lib/libz.so.1.2.13
7f9268e92000-7f9268e94000 rw-p 00000000 00:00 0 
7f9268e94000-7f9268e96000 r--p 00000000 00:77f 600592008                 /nix/store/4nlgxhb09sdr51nc9hdm8az5b08vzkgx-glibc-2.35-163/lib/ld-linux-x86-64.so.2
7f9268e96000-7f9268ebd000 r-xp 00002000 00:77f 600592008                 /nix/store/4nlgxhb09sdr51nc9hdm8az5b08vzkgx-glibc-2.35-163/lib/ld-linux-x86-64.so.2
7f9268ebd000-7f9268ec9000 r--p 00029000 00:77f 600592008                 /nix/store/4nlgxhb09sdr51nc9hdm8az5b08vzkgx-glibc-2.35-163/lib/ld-linux-x86-64.so.2
7f9268ec9000-7f9268ecb000 r--p 00034000 00:77f 600592008                 /nix/store/4nlgxhb09sdr51nc9hdm8az5b08vzkgx-glibc-2.35-163/lib/ld-linux-x86-64.so.2
7f9268ecb000-7f9268ecd000 rw-p 00036000 00:77f 600592008                 /nix/store/4nlgxhb09sdr51nc9hdm8az5b08vzkgx-glibc-2.35-163/lib/ld-linux-x86-64.so.2
7ffd4facf000-7ffd4faf3000 rw-p 00000000 00:00 0                          [stack]
7ffd4fb06000-7ffd4fb0a000 r--p 00000000 00:00 0                          [vvar]
7ffd4fb0a000-7ffd4fb0c000 r-xp 00000000 00:00 0                          [vdso]
ffffffffff600000-ffffffffff601000 --xp 00000000 00:00 0                  [vsyscall]


VM Arguments:
jvm_args: -XX:ThreadPriorityPolicy=1 -XX:+UnlockExperimentalVMOptions -XX:+EnableJVMCIProduct -XX:JVMCIThreadsPerNativeLibraryRuntime=1 -XX:-UnlockExperimentalVMOptions -Declipse.application=org.eclipse.jdt.ls.core.id1 -Dosgi.bundles.defaultStartLevel=4 -Declipse.product=org.eclipse.jdt.ls.core.product -Dlog.level=ALL -Xverify:none -XX:+UseParallelGC -XX:GCTimeRatio=4 -XX:AdaptiveSizePolicyWeight=90 -Dsun.zip.disableMemoryMapping=true -Xmx512m -Xms100m 
java_command: /nix/store/a7s9klvriqi68xz3qjc0qyfl5h86xc16-jdt-language-server-1.9.0/share/java/plugins/org.eclipse.equinox.launcher_1.6.400.v20210924-0641.jar --add-modules=ALL-SYSTEM --add-opens java.base/java.util=ALL-UNNAMED --add-opens java.base/java.lang=ALL-UNNAMED -configuration /home/runner/final-project-apcsa-team-8-1/.cache/jdt-language-server/config -data /home/runner/final-project-apcsa-team-8-1/.cache/jdt-language-server/data/home/runner/final-project-apcsa-team-8-1
java_class_path (initial): /nix/store/a7s9klvriqi68xz3qjc0qyfl5h86xc16-jdt-language-server-1.9.0/share/java/plugins/org.eclipse.equinox.launcher_1.6.400.v20210924-0641.jar
Launcher Type: SUN_STANDARD

[Global flags]
    uintx AdaptiveSizePolicyWeight                 = 90                                        {product} {command line}
     intx CICompilerCount                          = 2                                         {product} {ergonomic}
     bool EnableJVMCIProduct                       = true                                {JVMCI product} {jimage}
    uintx GCTimeRatio                              = 4                                         {product} {command line}
   size_t InitialHeapSize                          = 104857600                                 {product} {command line}
     uint JVMCIThreadsPerNativeLibraryRuntime      = 1                                   {JVMCI product} {jimage}
   size_t MaxHeapSize                              = 536870912                                 {product} {command line}
   size_t MaxNewSize                               = 178782208                                 {product} {ergonomic}
   size_t MinHeapDeltaBytes                        = 524288                                    {product} {ergonomic}
   size_t MinHeapSize                              = 104857600                                 {product} {command line}
   size_t NewSize                                  = 34603008                                  {product} {ergonomic}
    uintx NonNMethodCodeHeapSize                   = 5826188                                {pd product} {ergonomic}
    uintx NonProfiledCodeHeapSize                  = 122916026                              {pd product} {ergonomic}
   size_t OldSize                                  = 70254592                                  {product} {ergonomic}
    uintx ProfiledCodeHeapSize                     = 122916026                              {pd product} {ergonomic}
    uintx ReservedCodeCacheSize                    = 251658240                              {pd product} {ergonomic}
     bool SegmentedCodeCache                       = true                                      {product} {ergonomic}
   size_t SoftMaxHeapSize                          = 536870912                              {manageable} {ergonomic}
     intx ThreadPriorityPolicy                     = 1                                         {product} {jimage}
     bool UseCompressedClassPointers               = true                           {product lp64_product} {ergonomic}
     bool UseCompressedOops                        = true                           {product lp64_product} {ergonomic}
     bool UseParallelGC                            = true                                      {product} {command line}

Logging:
Log output configuration:
 #0: stdout all=warning uptime,level,tags
 #1: stderr all=off uptime,level,tags

Environment Variables:
JAVA_HOME=/nix/store/gpxl5qgg8kicmcvivwmybwjlpf7wh20l-graalvm17-ce-22.3.0
PATH=/nix/store/1d6ian3r8kdzspw8hacjhl3xkp40g1lj-binutils-wrapper-2.39/bin:/nix/store/dq0xwmsk1g0i2ayg6pb7y87na2knzylh-gcc-wrapper-11.3.0/bin:/nix/store/bap4d0lpcrhpwmpb8ayjcgkmvfj62lnq-bash-interactive-5.1-p16/bin:/nix/store/pr5n59mb4jzmfx6kanwxly0l07p861fg-patchelf-0.15.0/bin:/nix/store/1gf2flfqnpqbr1b4p4qz2f72y42bs56r-gcc-11.3.0/bin:/nix/store/57xv61c5zi8pphjbcwxxjlgc34p61ic9-glibc-2.35-163-bin/bin:/nix/store/a7gvj343m05j2s32xcnwr35v31ynlypr-coreutils-9.1/bin:/nix/store/039g378vc3pc3dvi9dzdlrd0i4q93qwf-binutils-2.39/bin:/nix/store/gpxl5qgg8kicmcvivwmybwjlpf7wh20l-graalvm17-ce-22.3.0/bin:/nix/store/6z9ag3ihc8mq2hzsw48lhbznvzny65nz-apache-maven-3.8.6/bin:/nix/store/a7s9klvriqi68xz3qjc0qyfl5h86xc16-jdt-language-server-1.9.0/bin:/nix/store/48ifl2w60a3zp7yskbpnvn8jp9jdsb7k-java-debug/bin:/nix/store/mydc6f4k2z73xlcz7ilif3v2lcaiqvza-findutils-4.9.0/bin:/nix/store/j9p3g8472iijd50vhdprx0nmk2fqn5gv-diffutils-3.8/bin:/nix/store/89zs7rms6x00xfq4dq6m7mjnhkr8a6r4-gnused-4.8/bin:/nix/store/86bp03jkmsl6f92w0yzg4s59g5mhxwmy-gnugrep-3.7/bin:/nix/store/hwcdqw4jrjnd37wxqgsd47hd0j8bnj09-gawk-5.1.1/bin:/nix/store/cfbhw8r8ags41vwqaz47r583d0p4h4a1-gnutar-1.34/bin:/nix/store/p3m1ndl1lapwrlh698bnb5lvvxh67378-gzip-1.12/bin:/nix/store/a8mhcagrsly7c7mpjrpsnaahk4aax056-bzip2-1.0.8-bin/bin:/nix/store/mblgz65m3zv9x548a3d5m96fj2pbwr09-gnumake-4.3/bin:/nix/store/dsd5gz46hdbdk2rfdimqddhq6m8m8fqs-bash-5.1-p16/bin:/nix/store/v7ljksji50mg3w61dykaa3n3y79n6nil-patch-2.7.6/bin:/nix/store/zlcnmqq14jz5x9439jf937mvayyl63da-xz-5.2.7-bin/bin:/nix/store/y6aj732zm9m87c82fpvf103a1xb22blp-file-5.43/bin:/nix/store/yq0vlv3d2f5si3ibawpq5ay2pc6knixp-nix-2.18.0pre20230808_c0e6466/bin:/nix/store/i4kzir3m7mrisxmf5xvlnkw01x4qaqr4-prybar-elisp-0.0.0-e0d9a52/bin:/nix/store/lwwivxf6h7x3cvxp9zv8sj0mv7dak99r-prybar-lua-0.0.0-e0d9a52/bin:/nix/store/gxj28g1cg4hq3qanmjv07156h800qr58-prybar-python3-0.0.0-e0d9a52/bin:/nix/store/hshkjnxrgidigf8x75vg6lqng2xlx9i3-prybar-sqlite-0.0.0-e0d9a52/bin:/nix/store/c4w01bpjgyy5ixmwdk8m1pw87zq4sl
LD_LIBRARY_PATH=/nix/store/a4pff549sk2idnkpzk5nsfps3mdkdnvm-cups-2.4.2-lib/lib:/nix/store/72mqxxhh3cy5yifh92wh2yb8cl2hikyy-cairo-1.16.0/lib:/nix/store/2k366jrbsra97gjfxwvrhvixjfxdach5-glib-2.74.1/lib:/nix/store/2j2znigd8ak37rlwh9khz0ry3clqlw1l-gtk+3-3.24.34/lib:/nix/store/hisqvx32cd57apbpcsnkpx6k3549wql1-libglvnd-1.4.0/lib:/nix/store/p36pgcv991mq5srvg765b78yqpxvk3qs-mesa-21.3.3-drivers/lib:/nix/store/mav4251if1ahjq5vkpwycyyvnmy459c4-pulseaudio-14.2/lib
DISPLAY=:0
LANG=en_US.UTF-8

Signal Handlers:
   SIGSEGV: crash_handler in libjvm.so, mask=11100100010111111101111111111110, flags=SA_RESTART|SA_SIGINFO
    SIGBUS: crash_handler in libjvm.so, mask=11100100010111111101111111111110, flags=SA_RESTART|SA_SIGINFO
    SIGFPE: crash_handler in libjvm.so, mask=11100100010111111101111111111110, flags=SA_RESTART|SA_SIGINFO
   SIGPIPE: IsolateEnterStub_IgnoreSIGPIPEStartupHook_noopSignalHandler_8f19bff2f35b5f630d83b364d6b2339320d4ec70_216e8361c6bc87a8f89f58cc10d3b2fd4415bf87 in libjvmcicompiler.so, mask=00000000000000000000000000000000, flags=SA_RESTART
  *** Handler was modified!
  *** Expected: javaSignalHandler in libjvm.so, mask=11100100110111111111111111111110, flags=SA_RESTART|SA_SIGINFO
   SIGXFSZ: javaSignalHandler in libjvm.so, mask=11100100010111111101111111111110, flags=SA_RESTART|SA_SIGINFO
    SIGILL: crash_handler in libjvm.so, mask=11100100010111111101111111111110, flags=SA_RESTART|SA_SIGINFO
   SIGUSR2: SR_handler in libjvm.so, mask=00000000000000000000000000000000, flags=SA_RESTART|SA_SIGINFO
    SIGHUP: UserHandler in libjvm.so, mask=11100100010111111101111111111110, flags=SA_RESTART|SA_SIGINFO
    SIGINT: UserHandler in libjvm.so, mask=11100100010111111101111111111110, flags=SA_RESTART|SA_SIGINFO
   SIGTERM: UserHandler in libjvm.so, mask=11100100010111111101111111111110, flags=SA_RESTART|SA_SIGINFO
   SIGQUIT: UserHandler in libjvm.so, mask=11100100010111111101111111111110, flags=SA_RESTART|SA_SIGINFO
  *** Handler was modified!
  *** Expected: javaSignalHandler in libjvm.so, mask=11100100110111111111111111111110, flags=SA_RESTART|SA_SIGINFO
   SIGTRAP: crash_handler in libjvm.so, mask=11100100010111111101111111111110, flags=SA_RESTART|SA_SIGINFO


---------------  S Y S T E M  ---------------

OS:
DISTRIB_ID=Ubuntu
DISTRIB_RELEASE=20.04
DISTRIB_CODENAME=focal
DISTRIB_DESCRIPTION="Ubuntu 20.04.2 LTS"
uname: Linux 6.2.0-1019-gcp #21~22.04.1-Ubuntu SMP Thu Nov 16 18:18:34 UTC 2023 x86_64
OS uptime: 0 days 9:32 hours
libc: glibc 2.35 NPTL 2.35 
rlimit (soft/hard): STACK 8192k/infinity , CORE infinity/infinity , NPROC infinity/infinity , NOFILE 5242/5242 , AS infinity/infinity , CPU infinity/infinity , DATA infinity/infinity , FSIZE infinity/infinity , MEMLOCK 8192k/8192k
load average: 18.23 17.74 15.25

/proc/meminfo:
MemTotal:       65835928 kB
MemFree:        36826104 kB
MemAvailable:   47399156 kB
Buffers:         3140900 kB
Cached:          6729872 kB
SwapCached:            0 kB
Active:          6585644 kB
Inactive:       20383808 kB
Active(anon):       6964 kB
Inactive(anon): 16669908 kB
Active(file):    6578680 kB
Inactive(file):  3713900 kB
Unevictable:       27976 kB
Mlocked:           27976 kB
SwapTotal:             0 kB
SwapFree:              0 kB
Zswap:                 0 kB
Zswapped:              0 kB
Dirty:              2300 kB
Writeback:             0 kB
AnonPages:      16643340 kB
Mapped:          1369720 kB
Shmem:             20920 kB
KReclaimable:    1006924 kB
Slab:            1427756 kB
SReclaimable:    1006924 kB
SUnreclaim:       420832 kB
KernelStack:       90004 kB
PageTables:       205708 kB
SecPageTables:         0 kB
NFS_Unstable:          0 kB
Bounce:                0 kB
WritebackTmp:          0 kB
CommitLimit:    32917964 kB
Committed_AS:   43215264 kB
VmallocTotal:   34359738367 kB
VmallocUsed:      117904 kB
VmallocChunk:          0 kB
Percpu:            33152 kB
HardwareCorrupted:     0 kB
AnonHugePages:   3233792 kB
ShmemHugePages:        0 kB
ShmemPmdMapped:        0 kB
FileHugePages:         0 kB
FilePmdMapped:         0 kB
HugePages_Total:       0
HugePages_Free:        0
HugePages_Rsvd:        0
HugePages_Surp:        0
Hugepagesize:       2048 kB
Hugetlb:               0 kB
DirectMap4k:      185144 kB
DirectMap2M:    13443072 kB
DirectMap1G:    55574528 kB

/sys/kernel/mm/transparent_hugepage/enabled: always [madvise] never
/sys/kernel/mm/transparent_hugepage/defrag (defrag/compaction efforts parameter): always defer defer+madvise [madvise] never

Process Memory:
Virtual Size: 4787008K (peak: 4875048K)
Resident Set Size: 736180K (peak: 813520K) (anon: 539352K, file: 196828K, shmem: 0K)
Swapped out: 0K
C-Heap outstanding allocations: 37794K, retained: 14837K
glibc malloc tunables: (default)

/proc/sys/kernel/threads-max (system-wide limit on the number of threads): 514278
/proc/sys/vm/max_map_count (maximum number of memory map areas a process may have): 65530
/proc/sys/kernel/pid_max (system-wide limit on number of process identifiers): 4194304

container (cgroup) information:
container_type: cgroupv2
cpu_cpuset_cpus: not supported
cpu_memory_nodes: not supported
active_processor_count: 1
cpu_quota: 50000
cpu_period: 100000
cpu_shares: no shares
memory_limit_in_bytes: 1048576 k
memory_and_swap_limit_in_bytes: unlimited
memory_soft_limit_in_bytes: 524288 k
memory_usage_in_bytes: 601900 k
memory_max_usage_in_bytes: not supported
maximum number of tasks: not supported
current number of tasks: not supported

KVM virtualization detected
Steal ticks since vm start: 885
Steal ticks percentage since vm start:  0.002

CPU: total 8 (initial active 1) (8 cores per cpu, 2 threads per core) family 23 model 49 stepping 0 microcode 0xffffffff, cx8, cmov, fxsr, ht, mmx, 3dnowpref, sse, sse2, sse3, ssse3, sse4a, sse4.1, sse4.2, popcnt, lzcnt, tsc, tscinvbit, avx, avx2, aes, clmul, bmi1, bmi2, adx, sha, fma, vzeroupper, clflush, clflushopt, hv
CPU Model and flags from /proc/cpuinfo:
model name	: AMD EPYC 7B12
flags		: fpu vme de pse tsc msr pae mce cx8 apic sep mtrr pge mca cmov pat pse36 clflush mmx fxsr sse sse2 ht syscall nx mmxext fxsr_opt pdpe1gb rdtscp lm constant_tsc rep_good nopl nonstop_tsc cpuid extd_apicid tsc_known_freq pni pclmulqdq ssse3 fma cx16 sse4_1 sse4_2 movbe popcnt aes xsave avx f16c rdrand hypervisor lahf_lm cmp_legacy cr8_legacy abm sse4a misalignsse 3dnowprefetch osvw topoext ssbd ibrs ibpb stibp vmmcall fsgsbase tsc_adjust bmi1 avx2 smep bmi2 rdseed adx smap clflushopt clwb sha_ni xsaveopt xsavec xgetbv1 clzero xsaveerptr arat npt nrip_save umip rdpid

Online cpus: 0-7
Offline cpus: 
BIOS frequency limitation: <Not Available>
Frequency switch latency (ns): <Not Available>
Available cpu frequencies: <Not Available>
Current governor: <Not Available>
Core performance/turbo boost: <Not Available>

Memory: 4k page, physical 1048576k(446668k free), swap 0k(0k free)
Page Sizes: 4k

vm_info: OpenJDK 64-Bit Server VM (17.0.5+8-jvmci-22.3-b08) for linux-amd64 JRE (17.0.5+8-jvmci-22.3-b08), built on Oct 19 2022 09:01:27 by "buildslave" with gcc 10.3.0

END.
